[extended] regression datasets: 55
[ext reg] PLUMS/Firmness_spxy70 (n_train=28) +0 rows
[ext reg] PEACH/Brix_spxy70 (n_train=35) +0 rows
[ext reg] BEER/Beer_OriginalExtract_60_KS (n_train=40) +0 rows
[ext reg] BEER/Beer_OriginalExtract_60_YbaseSplit (n_train=40) +0 rows
[ext reg] BISCUIT/Biscuit_Sucrose_40_RandomSplit (n_train=40) +0 rows
[ext reg] BISCUIT/Biscuit_Fat_40_RandomSplit (n_train=40) +0 rows
[ext reg] IncombustibleMaterial/TIC_spxy70 (n_train=43) +0 rows
[ext reg] CORN/Corn_Oil_80_ZhengChenPelegYbaseSplit (n_train=64) +0 rows
[ext reg] CORN/Corn_Starch_80_ZhengChenPelegYbaseSplit (n_train=64) +0 rows
[ext reg] GRAPEVINE_LeafTraits/WUEinst_spxyG70_30_byCultivar_MicroNIR_NeoSpectra (n_train=77) +0 rows
[ext reg] GRAPEVINE_LeafTraits/An_spxyG70_30_byCultivar_ASD (n_train=78) +0 rows
[ext reg] GRAPEVINE_LeafTraits/An_spxyG70_30_byCultivar_MicroNIR_NeoSpectra (n_train=80) +0 rows
[ext reg] GRAPEVINE_LeafTraits/An_spxyG70_30_byCultivar_MicroNIR (n_train=81) +0 rows
[ext reg] GRAPEVINE_LeafTraits/An_spxyG70_30_byCultivar_NeoSpectra (n_train=82) +0 rows
[ext reg] DIESEL/DIESEL_bp50_246_b-a (n_train=113) +0 rows
[ext reg] DIESEL/DIESEL_bp50_246_hla-b (n_train=133) +0 rows
[ext reg] DIESEL/DIESEL_bp50_246_hlb-a (n_train=133) +0 rows
[ext reg] MALARIA/Malaria_Sporozoite_229_Maia (n_train=138) +0 rows
[ext reg] PHOSPHORUS/V25_spxyG (n_train=168) +0 rows
[ext reg] PHOSPHORUS/LP_spxyG (n_train=169) +0 rows
[ext reg] PHOSPHORUS/MP_spxyG (n_train=169) +0 rows
[ext reg] PHOSPHORUS/NP_spxyG (n_train=169) +0 rows
[ext reg] PHOSPHORUS/Pi_spxyG (n_train=169) +0 rows
[ext reg] MILK/Milk_Fat_1224_KS (n_train=181) +0 rows
[ext reg] AMYLOSE/Rice_Amylose_313_YbasedSplit (n_train=203) +0 rows
[ext reg] TABLET/Escitalopramt_310_Zhao (n_train=207) +0 rows
[ext reg] WOOD_density/WOOD_N_402_Olale (n_train=216) +9 rows
[ext reg] WOOD_density/WOOD_Density_402_Olale (n_train=216) +9 rows
[ext reg] MALARIA/Malaria_Oocist_333_Maia (n_train=227) +9 rows
[ext reg] ALPINE/ALPINE_P_291_KS (n_train=247) +9 rows
[ext reg] DarkResp/Rd25_GTtestSite (n_train=297) +9 rows
[ext reg] DarkResp/Rd25_XSBNtestSite (n_train=319) +9 rows
[ext reg] DarkResp/Rd25_CBtestSite (n_train=324) +9 rows
[ext reg] DarkResp/Rd25_spxy70 (n_train=329) +9 rows
[ext reg] MANURE21/All_manure_K2O_SPXY_strat_Manure_type (n_train=343) +9 rows
[ext reg] MANURE21/All_manure_Total_N_SPXY_strat_Manure_type (n_train=343) +9 rows
[ext reg] MANURE21/All_manure_MgO_SPXY_strat_Manure_type (n_train=343) +9 rows
[ext reg] MANURE21/All_manure_CaO_SPXY_strat_Manure_type (n_train=343) +9 rows
[ext reg] MANURE21/All_manure_P2O5_SPXY_strat_Manure_type (n_train=343) +9 rows
[ext reg] FUSARIUM/Fv_Fm_grp70_30 (n_train=351) +9 rows
[ext reg] GRAPEVINES/grapevine_chloride_556_KS (n_train=388) +9 rows
[ext reg] FUSARIUM/Tleaf_grp70_30 (n_train=458) +8 rows
[ext reg] BEEFMARBLING/Beef_Marbling_RandomSplit (n_train=554) +9 rows
[ext reg] FUSARIUM/FinalScore_grp70_30_scoreQ (n_train=646) +8 rows
[ext reg] MILK/Milk_Lactose_1224_KS (n_train=856) +9 rows
[ext reg] MILK/Milk_Urea_1224_KS (n_train=856) +9 rows
[ext reg] BERRY/ph_groupSampleID_stratDateVar_balRows (n_train=912) +9 rows
[ext reg] BERRY/ta_groupSampleID_stratDateVar_balRows (n_train=912) +9 rows
[ext reg] ECOSIS_LeafTraits/Ccar_spxyG_block2deg (n_train=1016) +9 rows
[ext reg] GRAPEVINE_LeafTraits/LMA_spxyG70_30_byCultivar_ASD (n_train=1092) +9 rows
[ext reg] LUCAS/LUCAS_pH_Organic_1763_LiuRandomOrganic (n_train=1175) +9 rows
[ext reg] COLZA/N_woOutlier (n_train=1205) +9 rows
[ext reg] COLZA/C_woOutlier (n_train=1210) +9 rows
[ext reg] COLZA/N_wOutlier (n_train=1220) +9 rows
[ext reg] BERRY/brix_groupSampleID_stratDateVar_balRows (n_train=1434) +9 rows
[ext reg] wrote 259 new rows -> bench/scenarios/runs/paper_aom_aompls_seed2/results.csv
