[aomridge] 60 datasets, variants=top5_fast, cv=spxy(3)
[aomridge] ALPINE/ALPINE_P_291_KS +0 rows
[aomridge] AMYLOSE/Rice_Amylose_313_YbasedSplit +0 rows
[aomridge] BEEFMARBLING/Beef_Marbling_RandomSplit +0 rows
[aomridge] BEER/Beer_OriginalExtract_60_KS +0 rows
[aomridge] BEER/Beer_OriginalExtract_60_YbaseSplit +0 rows
[aomridge] BERRY/brix_groupSampleID_stratDateVar_balRows +0 rows
[aomridge] BERRY/ph_groupSampleID_stratDateVar_balRows +0 rows
[aomridge] BERRY/ta_groupSampleID_stratDateVar_balRows +0 rows
[aomridge] BISCUIT/Biscuit_Fat_40_RandomSplit +0 rows
[aomridge] BISCUIT/Biscuit_Sucrose_40_RandomSplit +0 rows
[aomridge] COLZA/C_woOutlier +0 rows
[aomridge] COLZA/N_wOutlier +0 rows
[aomridge] COLZA/N_woOutlier +0 rows
[aomridge] CORN/Corn_Oil_80_ZhengChenPelegYbaseSplit +0 rows
[aomridge] CORN/Corn_Starch_80_ZhengChenPelegYbaseSplit +0 rows
[aomridge] DIESEL/DIESEL_bp50_246_b-a +0 rows
[aomridge] DIESEL/DIESEL_bp50_246_hla-b +0 rows
[aomridge] DIESEL/DIESEL_bp50_246_hlb-a +0 rows
[aomridge] DarkResp/Rd25_CBtestSite +0 rows
[aomridge] DarkResp/Rd25_GTtestSite +0 rows
[aomridge] DarkResp/Rd25_XSBNtestSite +0 rows
[aomridge] DarkResp/Rd25_spxy70 +0 rows
[aomridge] ECOSIS_LeafTraits/Ccar_spxyG_block2deg +0 rows
[aomridge] ECOSIS_LeafTraits/Chla+b_spxyG_block2deg +0 rows
[aomridge] ECOSIS_LeafTraits/Chla+b_spxyG_species +0 rows
