[runner] datasets=60 variants=1 seeds=1 total_cells=60
[runner] results=bench/scenarios/runs/paper_aom_linear_hpo_full_cartesian_pls-tabpfn-hpo-25trials_seed2/results.csv
[1/60] SKIP ALPINE/ALPINE_P_291_KS pls-tabpfn-hpo-25trials seed=2 (already in results)
[2/60] SKIP AMYLOSE/Rice_Amylose_313_YbasedSplit pls-tabpfn-hpo-25trials seed=2 (already in results)
[3/60] SKIP BEEFMARBLING/Beef_Marbling_RandomSplit pls-tabpfn-hpo-25trials seed=2 (already in results)
[4/60] SKIP BEER/Beer_OriginalExtract_60_KS pls-tabpfn-hpo-25trials seed=2 (already in results)
[5/60] SKIP BEER/Beer_OriginalExtract_60_YbaseSplit pls-tabpfn-hpo-25trials seed=2 (already in results)
[6/60] SKIP BERRY/brix_groupSampleID_stratDateVar_balRows pls-tabpfn-hpo-25trials seed=2 (already in results)
[7/60] SKIP BERRY/ph_groupSampleID_stratDateVar_balRows pls-tabpfn-hpo-25trials seed=2 (already in results)
[8/60] SKIP BERRY/ta_groupSampleID_stratDateVar_balRows pls-tabpfn-hpo-25trials seed=2 (already in results)
[9/60] SKIP BISCUIT/Biscuit_Fat_40_RandomSplit pls-tabpfn-hpo-25trials seed=2 (already in results)
[10/60] SKIP BISCUIT/Biscuit_Sucrose_40_RandomSplit pls-tabpfn-hpo-25trials seed=2 (already in results)
[11/60] SKIP COLZA/C_woOutlier pls-tabpfn-hpo-25trials seed=2 (already in results)
[12/60] SKIP COLZA/N_wOutlier pls-tabpfn-hpo-25trials seed=2 (already in results)
[13/60] SKIP COLZA/N_woOutlier pls-tabpfn-hpo-25trials seed=2 (already in results)
[14/60] SKIP CORN/Corn_Oil_80_ZhengChenPelegYbaseSplit pls-tabpfn-hpo-25trials seed=2 (already in results)
[15/60] SKIP CORN/Corn_Starch_80_ZhengChenPelegYbaseSplit pls-tabpfn-hpo-25trials seed=2 (already in results)
[16/60] SKIP DIESEL/DIESEL_bp50_246_b-a pls-tabpfn-hpo-25trials seed=2 (already in results)
[17/60] SKIP DIESEL/DIESEL_bp50_246_hla-b pls-tabpfn-hpo-25trials seed=2 (already in results)
[18/60] SKIP DIESEL/DIESEL_bp50_246_hlb-a pls-tabpfn-hpo-25trials seed=2 (already in results)
[19/60] SKIP DarkResp/Rd25_CBtestSite pls-tabpfn-hpo-25trials seed=2 (already in results)
[20/60] SKIP DarkResp/Rd25_GTtestSite pls-tabpfn-hpo-25trials seed=2 (already in results)
[21/60] SKIP DarkResp/Rd25_XSBNtestSite pls-tabpfn-hpo-25trials seed=2 (already in results)
[22/60] SKIP DarkResp/Rd25_spxy70 pls-tabpfn-hpo-25trials seed=2 (already in results)
[23/60] SKIP ECOSIS_LeafTraits/Ccar_spxyG_block2deg pls-tabpfn-hpo-25trials seed=2 (already in results)
[24/60] SKIP ECOSIS_LeafTraits/Chla+b_spxyG_block2deg pls-tabpfn-hpo-25trials seed=2 (already in results)
[25/60] SKIP ECOSIS_LeafTraits/Chla+b_spxyG_species pls-tabpfn-hpo-25trials seed=2 (already in results)
[26/60] SKIP ECOSIS_LeafTraits/LMA_spxyG_block2deg pls-tabpfn-hpo-25trials seed=2 (already in results)
[27/60] SKIP FUSARIUM/FinalScore_grp70_30_scoreQ pls-tabpfn-hpo-25trials seed=2 (already in results)
[28/60] SKIP FUSARIUM/Fv_Fm_grp70_30 pls-tabpfn-hpo-25trials seed=2 (already in results)
[29/60] SKIP FUSARIUM/Tleaf_grp70_30 pls-tabpfn-hpo-25trials seed=2 (already in results)
[30/60] SKIP GRAPEVINES/grapevine_chloride_556_KS pls-tabpfn-hpo-25trials seed=2 (already in results)
[31/60] SKIP GRAPEVINE_LeafTraits/An_spxyG70_30_byCultivar_ASD pls-tabpfn-hpo-25trials seed=2 (already in results)
[32/60] SKIP GRAPEVINE_LeafTraits/An_spxyG70_30_byCultivar_MicroNIR pls-tabpfn-hpo-25trials seed=2 (already in results)
[33/60] SKIP GRAPEVINE_LeafTraits/An_spxyG70_30_byCultivar_MicroNIR_NeoSpectra pls-tabpfn-hpo-25trials seed=2 (already in results)
[34/60] SKIP GRAPEVINE_LeafTraits/An_spxyG70_30_byCultivar_NeoSpectra pls-tabpfn-hpo-25trials seed=2 (already in results)
[35/60] SKIP GRAPEVINE_LeafTraits/LMA_spxyG70_30_byCultivar_ASD pls-tabpfn-hpo-25trials seed=2 (already in results)
[36/60] SKIP GRAPEVINE_LeafTraits/WUEinst_spxyG70_30_byCultivar_MicroNIR_NeoSpectra pls-tabpfn-hpo-25trials seed=2 (already in results)
[37/60] SKIP IncombustibleMaterial/TIC_spxy70 pls-tabpfn-hpo-25trials seed=2 (already in results)
[38/60] SKIP LUCAS/LUCAS_SOC_Cropland_8731_NocitaKS pls-tabpfn-hpo-25trials seed=2 (already in results)
