[runner] datasets=60 variants=2 seeds=3 total_cells=360
[runner] results=bench/scenarios/runs/paper_aom_linear_hpo_full_cartesian_default_cv5_all/results.csv
[1/360] OK      ALPINE/ALPINE_P_291_KS pls-default-cv5 seed=0 rmsep=0.0631 search=4.9s refit=0.08s predict=0.001s wall=4.9s
[2/360] OK      ALPINE/ALPINE_P_291_KS pls-default-cv5 seed=1 rmsep=0.0630 search=3.2s refit=0.10s predict=0.001s wall=3.3s
[3/360] OK      ALPINE/ALPINE_P_291_KS pls-default-cv5 seed=2 rmsep=0.0627 search=3.5s refit=0.07s predict=0.001s wall=3.6s
[4/360] OK      ALPINE/ALPINE_P_291_KS ridge-default-cv5 seed=0 rmsep=0.0606 search=1.0s refit=0.01s predict=0.001s wall=1.0s
[5/360] OK      ALPINE/ALPINE_P_291_KS ridge-default-cv5 seed=1 rmsep=0.0606 search=1.1s refit=0.01s predict=0.001s wall=1.1s
[6/360] OK      ALPINE/ALPINE_P_291_KS ridge-default-cv5 seed=2 rmsep=0.0606 search=1.3s refit=0.03s predict=0.001s wall=1.3s
[7/360] OK      AMYLOSE/Rice_Amylose_313_YbasedSplit pls-default-cv5 seed=0 rmsep=2.6647 search=1.2s refit=0.04s predict=0.001s wall=1.2s
[8/360] OK      AMYLOSE/Rice_Amylose_313_YbasedSplit pls-default-cv5 seed=1 rmsep=2.5176 search=1.2s refit=0.03s predict=0.001s wall=1.3s
[9/360] OK      AMYLOSE/Rice_Amylose_313_YbasedSplit pls-default-cv5 seed=2 rmsep=2.5307 search=1.2s refit=0.03s predict=0.001s wall=1.3s
[10/360] OK      AMYLOSE/Rice_Amylose_313_YbasedSplit ridge-default-cv5 seed=0 rmsep=2.5020 search=0.4s refit=0.01s predict=0.001s wall=0.4s
[11/360] OK      AMYLOSE/Rice_Amylose_313_YbasedSplit ridge-default-cv5 seed=1 rmsep=2.6437 search=0.4s refit=0.00s predict=0.001s wall=0.4s
[12/360] OK      AMYLOSE/Rice_Amylose_313_YbasedSplit ridge-default-cv5 seed=2 rmsep=2.6437 search=0.4s refit=0.01s predict=0.001s wall=0.4s
[13/360] OK      BEEFMARBLING/Beef_Marbling_RandomSplit pls-default-cv5 seed=0 rmsep=73.6442 search=1.1s refit=0.01s predict=0.001s wall=1.1s
[14/360] OK      BEEFMARBLING/Beef_Marbling_RandomSplit pls-default-cv5 seed=1 rmsep=74.3176 search=1.2s refit=0.02s predict=0.002s wall=1.2s
[15/360] OK      BEEFMARBLING/Beef_Marbling_RandomSplit pls-default-cv5 seed=2 rmsep=73.1858 search=1.5s refit=0.01s predict=0.001s wall=1.5s
[16/360] OK      BEEFMARBLING/Beef_Marbling_RandomSplit ridge-default-cv5 seed=0 rmsep=72.6400 search=1.4s refit=0.01s predict=0.001s wall=1.4s
[17/360] OK      BEEFMARBLING/Beef_Marbling_RandomSplit ridge-default-cv5 seed=1 rmsep=72.6400 search=0.7s refit=0.01s predict=0.001s wall=0.7s
[18/360] OK      BEEFMARBLING/Beef_Marbling_RandomSplit ridge-default-cv5 seed=2 rmsep=72.6400 search=0.6s refit=0.01s predict=0.001s wall=0.6s
[19/360] OK      BEER/Beer_OriginalExtract_60_KS pls-default-cv5 seed=0 rmsep=0.5709 search=0.4s refit=0.00s predict=0.000s wall=0.4s
[20/360] OK      BEER/Beer_OriginalExtract_60_KS pls-default-cv5 seed=1 rmsep=0.5713 search=0.3s refit=0.00s predict=0.000s wall=0.3s
[21/360] OK      BEER/Beer_OriginalExtract_60_KS pls-default-cv5 seed=2 rmsep=0.5714 search=0.4s refit=0.00s predict=0.000s wall=0.4s
[22/360] OK      BEER/Beer_OriginalExtract_60_KS ridge-default-cv5 seed=0 rmsep=0.5708 search=0.2s refit=0.00s predict=0.000s wall=0.2s
[23/360] OK      BEER/Beer_OriginalExtract_60_KS ridge-default-cv5 seed=1 rmsep=0.5708 search=0.2s refit=0.00s predict=0.000s wall=0.2s
[24/360] OK      BEER/Beer_OriginalExtract_60_KS ridge-default-cv5 seed=2 rmsep=0.5708 search=0.2s refit=0.00s predict=0.000s wall=0.2s
[25/360] OK      BEER/Beer_OriginalExtract_60_YbaseSplit pls-default-cv5 seed=0 rmsep=0.5348 search=0.3s refit=0.00s predict=0.000s wall=0.3s
[26/360] OK      BEER/Beer_OriginalExtract_60_YbaseSplit pls-default-cv5 seed=1 rmsep=0.5348 search=0.4s refit=0.00s predict=0.000s wall=0.4s
[27/360] OK      BEER/Beer_OriginalExtract_60_YbaseSplit pls-default-cv5 seed=2 rmsep=0.5359 search=0.3s refit=0.00s predict=0.000s wall=0.3s
[28/360] OK      BEER/Beer_OriginalExtract_60_YbaseSplit ridge-default-cv5 seed=0 rmsep=0.5365 search=0.1s refit=0.00s predict=0.000s wall=0.1s
[29/360] OK      BEER/Beer_OriginalExtract_60_YbaseSplit ridge-default-cv5 seed=1 rmsep=0.5365 search=0.1s refit=0.00s predict=0.000s wall=0.1s
[30/360] OK      BEER/Beer_OriginalExtract_60_YbaseSplit ridge-default-cv5 seed=2 rmsep=0.5365 search=0.1s refit=0.00s predict=0.000s wall=0.1s
[31/360] OK      BERRY/brix_groupSampleID_stratDateVar_balRows pls-default-cv5 seed=0 rmsep=3.8272 search=23.6s refit=0.92s predict=0.010s wall=24.6s
[32/360] OK      BERRY/brix_groupSampleID_stratDateVar_balRows pls-default-cv5 seed=1 rmsep=3.8272 search=20.6s refit=0.67s predict=0.007s wall=21.3s
[33/360] OK      BERRY/brix_groupSampleID_stratDateVar_balRows pls-default-cv5 seed=2 rmsep=3.8272 search=20.4s refit=0.79s predict=0.007s wall=21.2s
[34/360] OK      BERRY/brix_groupSampleID_stratDateVar_balRows ridge-default-cv5 seed=0 rmsep=3.4952 search=11.0s refit=0.16s predict=0.010s wall=11.1s
[35/360] OK      BERRY/brix_groupSampleID_stratDateVar_balRows ridge-default-cv5 seed=1 rmsep=3.4952 search=10.1s refit=0.14s predict=0.014s wall=10.2s
[36/360] OK      BERRY/brix_groupSampleID_stratDateVar_balRows ridge-default-cv5 seed=2 rmsep=3.4952 search=8.8s refit=0.18s predict=0.011s wall=8.9s
[37/360] OK      BERRY/ph_groupSampleID_stratDateVar_balRows pls-default-cv5 seed=0 rmsep=0.3496 search=9.8s refit=0.34s predict=0.007s wall=10.2s
[38/360] OK      BERRY/ph_groupSampleID_stratDateVar_balRows pls-default-cv5 seed=1 rmsep=0.3590 search=11.1s refit=0.47s predict=0.006s wall=11.6s
[39/360] OK      BERRY/ph_groupSampleID_stratDateVar_balRows pls-default-cv5 seed=2 rmsep=0.3485 search=12.3s refit=0.42s predict=0.007s wall=12.7s
[40/360] OK      BERRY/ph_groupSampleID_stratDateVar_balRows ridge-default-cv5 seed=0 rmsep=0.3486 search=4.6s refit=0.05s predict=0.004s wall=4.6s
[41/360] OK      BERRY/ph_groupSampleID_stratDateVar_balRows ridge-default-cv5 seed=1 rmsep=0.3785 search=3.9s refit=0.05s predict=0.004s wall=3.9s
[42/360] OK      BERRY/ph_groupSampleID_stratDateVar_balRows ridge-default-cv5 seed=2 rmsep=0.3785 search=4.6s refit=0.05s predict=0.004s wall=4.6s
[43/360] OK      BERRY/ta_groupSampleID_stratDateVar_balRows pls-default-cv5 seed=0 rmsep=2.1167 search=10.8s refit=0.34s predict=0.005s wall=11.2s
[44/360] OK      BERRY/ta_groupSampleID_stratDateVar_balRows pls-default-cv5 seed=1 rmsep=2.1090 search=9.6s refit=0.43s predict=0.004s wall=10.1s
[45/360] OK      BERRY/ta_groupSampleID_stratDateVar_balRows pls-default-cv5 seed=2 rmsep=2.1787 search=10.4s refit=0.25s predict=0.005s wall=10.7s
[46/360] OK      BERRY/ta_groupSampleID_stratDateVar_balRows ridge-default-cv5 seed=0 rmsep=2.0002 search=3.7s refit=0.06s predict=0.004s wall=3.8s
[47/360] OK      BERRY/ta_groupSampleID_stratDateVar_balRows ridge-default-cv5 seed=1 rmsep=2.0831 search=4.9s refit=0.07s predict=0.004s wall=5.0s
[48/360] OK      BERRY/ta_groupSampleID_stratDateVar_balRows ridge-default-cv5 seed=2 rmsep=2.0831 search=3.9s refit=0.08s predict=0.005s wall=4.0s
[49/360] OK      BISCUIT/Biscuit_Fat_40_RandomSplit pls-default-cv5 seed=0 rmsep=0.6808 search=0.4s refit=0.01s predict=0.001s wall=0.4s
[50/360] OK      BISCUIT/Biscuit_Fat_40_RandomSplit pls-default-cv5 seed=1 rmsep=0.5696 search=0.4s refit=0.00s predict=0.000s wall=0.4s
[51/360] OK      BISCUIT/Biscuit_Fat_40_RandomSplit pls-default-cv5 seed=2 rmsep=0.4079 search=0.4s refit=0.00s predict=0.000s wall=0.4s
[52/360] OK      BISCUIT/Biscuit_Fat_40_RandomSplit ridge-default-cv5 seed=0 rmsep=0.5833 search=0.3s refit=0.00s predict=0.000s wall=0.3s
[53/360] OK      BISCUIT/Biscuit_Fat_40_RandomSplit ridge-default-cv5 seed=1 rmsep=0.5833 search=0.2s refit=0.00s predict=0.000s wall=0.2s
[54/360] OK      BISCUIT/Biscuit_Fat_40_RandomSplit ridge-default-cv5 seed=2 rmsep=0.3573 search=0.2s refit=0.00s predict=0.000s wall=0.2s
[55/360] OK      BISCUIT/Biscuit_Sucrose_40_RandomSplit pls-default-cv5 seed=0 rmsep=1.0923 search=0.4s refit=0.00s predict=0.000s wall=0.4s
[56/360] OK      BISCUIT/Biscuit_Sucrose_40_RandomSplit pls-default-cv5 seed=1 rmsep=1.0923 search=0.4s refit=0.00s predict=0.000s wall=0.4s
[57/360] OK      BISCUIT/Biscuit_Sucrose_40_RandomSplit pls-default-cv5 seed=2 rmsep=1.0923 search=0.4s refit=0.00s predict=0.000s wall=0.4s
[58/360] OK      BISCUIT/Biscuit_Sucrose_40_RandomSplit ridge-default-cv5 seed=0 rmsep=0.8041 search=0.1s refit=0.00s predict=0.000s wall=0.1s
[59/360] OK      BISCUIT/Biscuit_Sucrose_40_RandomSplit ridge-default-cv5 seed=1 rmsep=0.8041 search=0.1s refit=0.00s predict=0.000s wall=0.1s
[60/360] OK      BISCUIT/Biscuit_Sucrose_40_RandomSplit ridge-default-cv5 seed=2 rmsep=1.1911 search=0.1s refit=0.00s predict=0.000s wall=0.1s
[61/360] OK      COLZA/C_woOutlier pls-default-cv5 seed=0 rmsep=2.1332 search=6.7s refit=0.19s predict=0.007s wall=6.9s
[62/360] OK      COLZA/C_woOutlier pls-default-cv5 seed=1 rmsep=2.6252 search=8.5s refit=0.18s predict=0.009s wall=8.7s
[63/360] OK      COLZA/C_woOutlier pls-default-cv5 seed=2 rmsep=1.9552 search=7.7s refit=0.16s predict=0.006s wall=7.9s
[64/360] OK      COLZA/C_woOutlier ridge-default-cv5 seed=0 rmsep=2.1040 search=3.3s refit=0.08s predict=0.007s wall=3.4s
[65/360] OK      COLZA/C_woOutlier ridge-default-cv5 seed=1 rmsep=2.1040 search=3.8s refit=0.05s predict=0.006s wall=3.8s
[66/360] OK      COLZA/C_woOutlier ridge-default-cv5 seed=2 rmsep=1.8738 search=3.9s refit=0.05s predict=0.005s wall=4.0s
[67/360] OK      COLZA/N_wOutlier pls-default-cv5 seed=0 rmsep=0.3529 search=6.5s refit=0.15s predict=0.006s wall=6.6s
[68/360] OK      COLZA/N_wOutlier pls-default-cv5 seed=1 rmsep=0.3529 search=8.2s refit=0.16s predict=0.008s wall=8.3s
[69/360] OK      COLZA/N_wOutlier pls-default-cv5 seed=2 rmsep=0.3529 search=8.9s refit=0.16s predict=0.008s wall=9.0s
[70/360] OK      COLZA/N_wOutlier ridge-default-cv5 seed=0 rmsep=0.3345 search=3.9s refit=0.05s predict=0.004s wall=4.0s
[71/360] OK      COLZA/N_wOutlier ridge-default-cv5 seed=1 rmsep=0.3601 search=3.2s refit=0.05s predict=0.005s wall=3.3s
[72/360] OK      COLZA/N_wOutlier ridge-default-cv5 seed=2 rmsep=0.3345 search=4.0s refit=0.06s predict=0.005s wall=4.1s
[73/360] OK      COLZA/N_woOutlier pls-default-cv5 seed=0 rmsep=0.2917 search=8.2s refit=0.26s predict=0.008s wall=8.5s
[74/360] OK      COLZA/N_woOutlier pls-default-cv5 seed=1 rmsep=0.2917 search=8.1s refit=0.21s predict=0.009s wall=8.3s
[75/360] OK      COLZA/N_woOutlier pls-default-cv5 seed=2 rmsep=0.2958 search=7.0s refit=0.21s predict=0.007s wall=7.2s
[76/360] OK      COLZA/N_woOutlier ridge-default-cv5 seed=0 rmsep=0.2742 search=5.0s refit=0.08s predict=0.006s wall=5.1s
[77/360] OK      COLZA/N_woOutlier ridge-default-cv5 seed=1 rmsep=0.2742 search=4.6s refit=0.09s predict=0.005s wall=4.7s
[78/360] OK      COLZA/N_woOutlier ridge-default-cv5 seed=2 rmsep=0.2742 search=4.8s refit=0.05s predict=0.005s wall=4.8s
[79/360] OK      CORN/Corn_Oil_80_ZhengChenPelegYbaseSplit pls-default-cv5 seed=0 rmsep=0.0334 search=0.5s refit=0.01s predict=0.000s wall=0.5s
[80/360] OK      CORN/Corn_Oil_80_ZhengChenPelegYbaseSplit pls-default-cv5 seed=1 rmsep=0.0334 search=0.5s refit=0.01s predict=0.000s wall=0.5s
[81/360] OK      CORN/Corn_Oil_80_ZhengChenPelegYbaseSplit pls-default-cv5 seed=2 rmsep=0.0343 search=0.5s refit=0.01s predict=0.000s wall=0.5s
[82/360] OK      CORN/Corn_Oil_80_ZhengChenPelegYbaseSplit ridge-default-cv5 seed=0 rmsep=0.0594 search=0.1s refit=0.00s predict=0.000s wall=0.1s
[83/360] OK      CORN/Corn_Oil_80_ZhengChenPelegYbaseSplit ridge-default-cv5 seed=1 rmsep=0.0594 search=0.2s refit=0.00s predict=0.000s wall=0.2s
[84/360] OK      CORN/Corn_Oil_80_ZhengChenPelegYbaseSplit ridge-default-cv5 seed=2 rmsep=0.0594 search=0.2s refit=0.00s predict=0.000s wall=0.2s
[85/360] OK      CORN/Corn_Starch_80_ZhengChenPelegYbaseSplit pls-default-cv5 seed=0 rmsep=0.1356 search=0.5s refit=0.01s predict=0.000s wall=0.5s
[86/360] OK      CORN/Corn_Starch_80_ZhengChenPelegYbaseSplit pls-default-cv5 seed=1 rmsep=0.1416 search=0.4s refit=0.02s predict=0.001s wall=0.5s
[87/360] OK      CORN/Corn_Starch_80_ZhengChenPelegYbaseSplit pls-default-cv5 seed=2 rmsep=0.1531 search=0.4s refit=0.01s predict=0.001s wall=0.4s
[88/360] OK      CORN/Corn_Starch_80_ZhengChenPelegYbaseSplit ridge-default-cv5 seed=0 rmsep=0.1798 search=0.2s refit=0.00s predict=0.001s wall=0.2s
[89/360] OK      CORN/Corn_Starch_80_ZhengChenPelegYbaseSplit ridge-default-cv5 seed=1 rmsep=0.1798 search=0.2s refit=0.00s predict=0.000s wall=0.2s
[90/360] OK      CORN/Corn_Starch_80_ZhengChenPelegYbaseSplit ridge-default-cv5 seed=2 rmsep=0.1798 search=0.2s refit=0.00s predict=0.000s wall=0.2s
[91/360] OK      DIESEL/DIESEL_bp50_246_b-a pls-default-cv5 seed=0 rmsep=3.1536 search=0.4s refit=0.00s predict=0.001s wall=0.4s
[92/360] OK      DIESEL/DIESEL_bp50_246_b-a pls-default-cv5 seed=1 rmsep=3.1625 search=0.4s refit=0.00s predict=0.000s wall=0.4s
[93/360] OK      DIESEL/DIESEL_bp50_246_b-a pls-default-cv5 seed=2 rmsep=3.1298 search=0.5s refit=0.00s predict=0.001s wall=0.5s
[94/360] OK      DIESEL/DIESEL_bp50_246_b-a ridge-default-cv5 seed=0 rmsep=5.3221 search=0.2s refit=0.00s predict=0.000s wall=0.2s
[95/360] OK      DIESEL/DIESEL_bp50_246_b-a ridge-default-cv5 seed=1 rmsep=5.3221 search=0.2s refit=0.00s predict=0.000s wall=0.2s
[96/360] OK      DIESEL/DIESEL_bp50_246_b-a ridge-default-cv5 seed=2 rmsep=5.3221 search=0.2s refit=0.00s predict=0.001s wall=0.2s
[97/360] OK      DIESEL/DIESEL_bp50_246_hla-b pls-default-cv5 seed=0 rmsep=2.6845 search=0.5s refit=0.01s predict=0.000s wall=0.5s
[98/360] OK      DIESEL/DIESEL_bp50_246_hla-b pls-default-cv5 seed=1 rmsep=3.0781 search=0.5s refit=0.01s predict=0.001s wall=0.5s
[99/360] OK      DIESEL/DIESEL_bp50_246_hla-b pls-default-cv5 seed=2 rmsep=2.6447 search=0.5s refit=0.00s predict=0.000s wall=0.5s
[100/360] OK      DIESEL/DIESEL_bp50_246_hla-b ridge-default-cv5 seed=0 rmsep=5.0207 search=0.2s refit=0.00s predict=0.001s wall=0.2s
[101/360] OK      DIESEL/DIESEL_bp50_246_hla-b ridge-default-cv5 seed=1 rmsep=5.0207 search=0.2s refit=0.00s predict=0.000s wall=0.2s
[102/360] OK      DIESEL/DIESEL_bp50_246_hla-b ridge-default-cv5 seed=2 rmsep=5.0207 search=0.2s refit=0.00s predict=0.001s wall=0.2s
[103/360] OK      DIESEL/DIESEL_bp50_246_hlb-a pls-default-cv5 seed=0 rmsep=2.9272 search=0.6s refit=0.01s predict=0.001s wall=0.6s
[104/360] OK      DIESEL/DIESEL_bp50_246_hlb-a pls-default-cv5 seed=1 rmsep=2.9272 search=0.5s refit=0.01s predict=0.001s wall=0.5s
[105/360] OK      DIESEL/DIESEL_bp50_246_hlb-a pls-default-cv5 seed=2 rmsep=2.9272 search=0.5s refit=0.00s predict=0.000s wall=0.5s
[106/360] OK      DIESEL/DIESEL_bp50_246_hlb-a ridge-default-cv5 seed=0 rmsep=5.0169 search=0.2s refit=0.00s predict=0.000s wall=0.2s
[107/360] OK      DIESEL/DIESEL_bp50_246_hlb-a ridge-default-cv5 seed=1 rmsep=5.0169 search=0.2s refit=0.00s predict=0.000s wall=0.2s
[108/360] OK      DIESEL/DIESEL_bp50_246_hlb-a ridge-default-cv5 seed=2 rmsep=5.0169 search=0.2s refit=0.00s predict=0.000s wall=0.2s
[109/360] OK      DarkResp/Rd25_CBtestSite pls-default-cv5 seed=0 rmsep=0.2341 search=3.2s refit=0.07s predict=0.002s wall=3.3s
[110/360] OK      DarkResp/Rd25_CBtestSite pls-default-cv5 seed=1 rmsep=0.2234 search=3.3s refit=0.07s predict=0.002s wall=3.4s
[111/360] OK      DarkResp/Rd25_CBtestSite pls-default-cv5 seed=2 rmsep=0.2288 search=4.6s refit=0.07s predict=0.002s wall=4.6s
[112/360] OK      DarkResp/Rd25_CBtestSite ridge-default-cv5 seed=0 rmsep=0.2310 search=1.0s refit=0.02s predict=0.003s wall=1.1s
[113/360] OK      DarkResp/Rd25_CBtestSite ridge-default-cv5 seed=1 rmsep=0.2310 search=1.0s refit=0.02s predict=0.007s wall=1.1s
[114/360] OK      DarkResp/Rd25_CBtestSite ridge-default-cv5 seed=2 rmsep=0.2311 search=1.3s refit=0.02s predict=0.002s wall=1.3s
[115/360] OK      DarkResp/Rd25_GTtestSite pls-default-cv5 seed=0 rmsep=0.1970 search=3.2s refit=0.06s predict=0.002s wall=3.3s
[116/360] OK      DarkResp/Rd25_GTtestSite pls-default-cv5 seed=1 rmsep=0.1970 search=4.3s refit=0.05s predict=0.002s wall=4.4s
[117/360] OK      DarkResp/Rd25_GTtestSite pls-default-cv5 seed=2 rmsep=0.1860 search=3.4s refit=0.09s predict=0.003s wall=3.5s
[118/360] OK      DarkResp/Rd25_GTtestSite ridge-default-cv5 seed=0 rmsep=0.1950 search=1.5s refit=0.01s predict=0.002s wall=1.5s
[119/360] OK      DarkResp/Rd25_GTtestSite ridge-default-cv5 seed=1 rmsep=0.1921 search=0.9s refit=0.01s predict=0.002s wall=0.9s
[120/360] OK      DarkResp/Rd25_GTtestSite ridge-default-cv5 seed=2 rmsep=0.1921 search=0.9s refit=0.01s predict=0.002s wall=0.9s
[121/360] OK      DarkResp/Rd25_XSBNtestSite pls-default-cv5 seed=0 rmsep=0.2847 search=3.5s refit=0.05s predict=0.002s wall=3.6s
[122/360] OK      DarkResp/Rd25_XSBNtestSite pls-default-cv5 seed=1 rmsep=0.2847 search=3.5s refit=0.08s predict=0.002s wall=3.6s
[123/360] OK      DarkResp/Rd25_XSBNtestSite pls-default-cv5 seed=2 rmsep=0.2808 search=3.7s refit=0.06s predict=0.002s wall=3.8s
[124/360] OK      DarkResp/Rd25_XSBNtestSite ridge-default-cv5 seed=0 rmsep=0.2620 search=1.2s refit=0.02s predict=0.001s wall=1.2s
[125/360] OK      DarkResp/Rd25_XSBNtestSite ridge-default-cv5 seed=1 rmsep=0.2620 search=1.2s refit=0.01s predict=0.001s wall=1.2s
[126/360] OK      DarkResp/Rd25_XSBNtestSite ridge-default-cv5 seed=2 rmsep=0.2620 search=1.1s refit=0.01s predict=0.002s wall=1.1s
[127/360] OK      DarkResp/Rd25_spxy70 pls-default-cv5 seed=0 rmsep=0.1795 search=4.0s refit=0.08s predict=0.002s wall=4.1s
[128/360] OK      DarkResp/Rd25_spxy70 pls-default-cv5 seed=1 rmsep=0.1786 search=3.5s refit=0.06s predict=0.002s wall=3.5s
[129/360] OK      DarkResp/Rd25_spxy70 pls-default-cv5 seed=2 rmsep=0.1794 search=3.8s refit=0.08s predict=0.006s wall=3.9s
[130/360] OK      DarkResp/Rd25_spxy70 ridge-default-cv5 seed=0 rmsep=0.1738 search=1.2s refit=0.01s predict=0.001s wall=1.2s
[131/360] OK      DarkResp/Rd25_spxy70 ridge-default-cv5 seed=1 rmsep=0.1738 search=1.3s refit=0.01s predict=0.002s wall=1.4s
[132/360] OK      DarkResp/Rd25_spxy70 ridge-default-cv5 seed=2 rmsep=0.1738 search=1.1s refit=0.01s predict=0.001s wall=1.1s
[133/360] OK      ECOSIS_LeafTraits/Ccar_spxyG_block2deg pls-default-cv5 seed=0 rmsep=68.7522 search=1.3s refit=0.01s predict=0.004s wall=1.3s
[134/360] OK      ECOSIS_LeafTraits/Ccar_spxyG_block2deg pls-default-cv5 seed=1 rmsep=70.9813 search=1.1s refit=0.02s predict=0.007s wall=1.2s
[135/360] OK      ECOSIS_LeafTraits/Ccar_spxyG_block2deg pls-default-cv5 seed=2 rmsep=65.3967 search=1.2s refit=0.02s predict=0.004s wall=1.2s
[136/360] OK      ECOSIS_LeafTraits/Ccar_spxyG_block2deg ridge-default-cv5 seed=0 rmsep=60.0330 search=0.4s refit=0.01s predict=0.005s wall=0.4s
[137/360] OK      ECOSIS_LeafTraits/Ccar_spxyG_block2deg ridge-default-cv5 seed=1 rmsep=60.0330 search=0.4s refit=0.00s predict=0.003s wall=0.4s
[138/360] OK      ECOSIS_LeafTraits/Ccar_spxyG_block2deg ridge-default-cv5 seed=2 rmsep=60.0330 search=0.4s refit=0.00s predict=0.003s wall=0.4s
[139/360] OK      ECOSIS_LeafTraits/Chla+b_spxyG_block2deg pls-default-cv5 seed=0 rmsep=57.8625 search=3.1s refit=0.08s predict=0.003s wall=3.1s
[140/360] OK      ECOSIS_LeafTraits/Chla+b_spxyG_block2deg pls-default-cv5 seed=1 rmsep=57.8625 search=3.1s refit=0.06s predict=0.003s wall=3.1s
[141/360] OK      ECOSIS_LeafTraits/Chla+b_spxyG_block2deg pls-default-cv5 seed=2 rmsep=57.8625 search=3.3s refit=0.09s predict=0.016s wall=3.4s
[142/360] OK      ECOSIS_LeafTraits/Chla+b_spxyG_block2deg ridge-default-cv5 seed=0 rmsep=83.5628 search=1.0s refit=0.01s predict=0.005s wall=1.0s
[143/360] OK      ECOSIS_LeafTraits/Chla+b_spxyG_block2deg ridge-default-cv5 seed=1 rmsep=92.6202 search=0.8s refit=0.02s predict=0.003s wall=0.8s
[144/360] OK      ECOSIS_LeafTraits/Chla+b_spxyG_block2deg ridge-default-cv5 seed=2 rmsep=83.5628 search=0.9s refit=0.01s predict=0.002s wall=0.9s
[145/360] OK      ECOSIS_LeafTraits/Chla+b_spxyG_species pls-default-cv5 seed=0 rmsep=47.0999 search=4.0s refit=0.08s predict=0.004s wall=4.1s
[146/360] OK      ECOSIS_LeafTraits/Chla+b_spxyG_species pls-default-cv5 seed=1 rmsep=47.0999 search=4.1s refit=0.09s predict=0.003s wall=4.2s
[147/360] OK      ECOSIS_LeafTraits/Chla+b_spxyG_species pls-default-cv5 seed=2 rmsep=47.0999 search=4.7s refit=0.12s predict=0.005s wall=4.9s
[148/360] OK      ECOSIS_LeafTraits/Chla+b_spxyG_species ridge-default-cv5 seed=0 rmsep=73.0919 search=1.6s refit=0.01s predict=0.008s wall=1.7s
[149/360] OK      ECOSIS_LeafTraits/Chla+b_spxyG_species ridge-default-cv5 seed=1 rmsep=73.0919 search=1.2s refit=0.01s predict=0.005s wall=1.2s
[150/360] OK      ECOSIS_LeafTraits/Chla+b_spxyG_species ridge-default-cv5 seed=2 rmsep=73.0919 search=1.0s refit=0.01s predict=0.003s wall=1.0s
[151/360] OK      ECOSIS_LeafTraits/LMA_spxyG_block2deg pls-default-cv5 seed=0 rmsep=23.6576 search=84.4s refit=1.58s predict=0.005s wall=86.0s
[152/360] OK      ECOSIS_LeafTraits/LMA_spxyG_block2deg pls-default-cv5 seed=1 rmsep=23.6576 search=90.3s refit=1.66s predict=0.005s wall=92.0s
[153/360] OK      ECOSIS_LeafTraits/LMA_spxyG_block2deg pls-default-cv5 seed=2 rmsep=23.6576 search=83.9s refit=1.98s predict=0.008s wall=85.9s
[154/360] OK      ECOSIS_LeafTraits/LMA_spxyG_block2deg ridge-default-cv5 seed=0 rmsep=23.1120 search=15.8s refit=0.16s predict=0.003s wall=16.0s
[155/360] OK      ECOSIS_LeafTraits/LMA_spxyG_block2deg ridge-default-cv5 seed=1 rmsep=23.1120 search=12.9s refit=0.17s predict=0.004s wall=13.1s
[156/360] OK      ECOSIS_LeafTraits/LMA_spxyG_block2deg ridge-default-cv5 seed=2 rmsep=23.1120 search=15.3s refit=0.23s predict=0.003s wall=15.5s
[157/360] ERROR   FUSARIUM/FinalScore_grp70_30_scoreQ pls-default-cv5 seed=0 rmsep=nan search=0.0s refit=0.00s predict=0.000s wall=0.0s
[158/360] ERROR   FUSARIUM/FinalScore_grp70_30_scoreQ pls-default-cv5 seed=1 rmsep=nan search=0.0s refit=0.00s predict=0.000s wall=0.0s
[159/360] ERROR   FUSARIUM/FinalScore_grp70_30_scoreQ pls-default-cv5 seed=2 rmsep=nan search=0.0s refit=0.00s predict=0.000s wall=0.0s
[160/360] ERROR   FUSARIUM/FinalScore_grp70_30_scoreQ ridge-default-cv5 seed=0 rmsep=nan search=0.0s refit=0.00s predict=0.000s wall=0.0s
[161/360] ERROR   FUSARIUM/FinalScore_grp70_30_scoreQ ridge-default-cv5 seed=1 rmsep=nan search=0.0s refit=0.00s predict=0.000s wall=0.0s
[162/360] ERROR   FUSARIUM/FinalScore_grp70_30_scoreQ ridge-default-cv5 seed=2 rmsep=nan search=0.0s refit=0.00s predict=0.000s wall=0.0s
[163/360] OK      FUSARIUM/Fv_Fm_grp70_30 pls-default-cv5 seed=0 rmsep=0.0316 search=4.8s refit=0.04s predict=0.003s wall=4.9s
[164/360] OK      FUSARIUM/Fv_Fm_grp70_30 pls-default-cv5 seed=1 rmsep=0.0317 search=4.4s refit=0.03s predict=0.003s wall=4.4s
[165/360] OK      FUSARIUM/Fv_Fm_grp70_30 pls-default-cv5 seed=2 rmsep=0.0312 search=4.7s refit=0.04s predict=0.003s wall=4.7s
[166/360] OK      FUSARIUM/Fv_Fm_grp70_30 ridge-default-cv5 seed=0 rmsep=0.0310 search=1.3s refit=0.02s predict=0.002s wall=1.3s
[167/360] OK      FUSARIUM/Fv_Fm_grp70_30 ridge-default-cv5 seed=1 rmsep=0.0310 search=1.5s refit=0.03s predict=0.001s wall=1.5s
[168/360] OK      FUSARIUM/Fv_Fm_grp70_30 ridge-default-cv5 seed=2 rmsep=0.0310 search=1.4s refit=0.02s predict=0.005s wall=1.5s
[169/360] ERROR   FUSARIUM/Tleaf_grp70_30 pls-default-cv5 seed=0 rmsep=nan search=0.0s refit=0.00s predict=0.000s wall=0.0s
[170/360] ERROR   FUSARIUM/Tleaf_grp70_30 pls-default-cv5 seed=1 rmsep=nan search=0.0s refit=0.00s predict=0.000s wall=0.0s
[171/360] ERROR   FUSARIUM/Tleaf_grp70_30 pls-default-cv5 seed=2 rmsep=nan search=0.0s refit=0.00s predict=0.000s wall=0.0s
[172/360] ERROR   FUSARIUM/Tleaf_grp70_30 ridge-default-cv5 seed=0 rmsep=nan search=0.0s refit=0.00s predict=0.000s wall=0.0s
[173/360] ERROR   FUSARIUM/Tleaf_grp70_30 ridge-default-cv5 seed=1 rmsep=nan search=0.0s refit=0.00s predict=0.000s wall=0.0s
[174/360] ERROR   FUSARIUM/Tleaf_grp70_30 ridge-default-cv5 seed=2 rmsep=nan search=0.0s refit=0.00s predict=0.000s wall=0.0s
[175/360] OK      GRAPEVINES/grapevine_chloride_556_KS pls-default-cv5 seed=0 rmsep=1018.1253 search=2.5s refit=0.04s predict=0.001s wall=2.6s
[176/360] OK      GRAPEVINES/grapevine_chloride_556_KS pls-default-cv5 seed=1 rmsep=976.3511 search=2.2s refit=0.04s predict=0.001s wall=2.3s
[177/360] OK      GRAPEVINES/grapevine_chloride_556_KS pls-default-cv5 seed=2 rmsep=1029.6695 search=2.3s refit=0.04s predict=0.001s wall=2.3s
[178/360] OK      GRAPEVINES/grapevine_chloride_556_KS ridge-default-cv5 seed=0 rmsep=990.0498 search=0.7s refit=0.01s predict=0.001s wall=0.7s
[179/360] OK      GRAPEVINES/grapevine_chloride_556_KS ridge-default-cv5 seed=1 rmsep=990.0498 search=0.6s refit=0.01s predict=0.001s wall=0.7s
[180/360] OK      GRAPEVINES/grapevine_chloride_556_KS ridge-default-cv5 seed=2 rmsep=990.0498 search=0.7s refit=0.01s predict=0.001s wall=0.7s
[181/360] OK      GRAPEVINE_LeafTraits/An_spxyG70_30_byCultivar_ASD pls-default-cv5 seed=0 rmsep=4.0787 search=1.2s refit=0.01s predict=0.001s wall=1.2s
[182/360] OK      GRAPEVINE_LeafTraits/An_spxyG70_30_byCultivar_ASD pls-default-cv5 seed=1 rmsep=4.1567 search=1.1s refit=0.01s predict=0.001s wall=1.1s
[183/360] OK      GRAPEVINE_LeafTraits/An_spxyG70_30_byCultivar_ASD pls-default-cv5 seed=2 rmsep=3.9255 search=0.9s refit=0.00s predict=0.001s wall=1.0s
[184/360] OK      GRAPEVINE_LeafTraits/An_spxyG70_30_byCultivar_ASD ridge-default-cv5 seed=0 rmsep=3.6617 search=0.2s refit=0.00s predict=0.000s wall=0.2s
[185/360] OK      GRAPEVINE_LeafTraits/An_spxyG70_30_byCultivar_ASD ridge-default-cv5 seed=1 rmsep=3.9792 search=0.3s refit=0.00s predict=0.000s wall=0.3s
[186/360] OK      GRAPEVINE_LeafTraits/An_spxyG70_30_byCultivar_ASD ridge-default-cv5 seed=2 rmsep=3.9089 search=0.2s refit=0.00s predict=0.000s wall=0.2s
[187/360] OK      GRAPEVINE_LeafTraits/An_spxyG70_30_byCultivar_MicroNIR pls-default-cv5 seed=0 rmsep=3.6711 search=0.4s refit=0.00s predict=0.000s wall=0.4s
[188/360] OK      GRAPEVINE_LeafTraits/An_spxyG70_30_byCultivar_MicroNIR pls-default-cv5 seed=1 rmsep=4.1356 search=0.2s refit=0.00s predict=0.000s wall=0.2s
[189/360] OK      GRAPEVINE_LeafTraits/An_spxyG70_30_byCultivar_MicroNIR pls-default-cv5 seed=2 rmsep=3.6711 search=0.3s refit=0.00s predict=0.000s wall=0.3s
[190/360] OK      GRAPEVINE_LeafTraits/An_spxyG70_30_byCultivar_MicroNIR ridge-default-cv5 seed=0 rmsep=3.5303 search=0.1s refit=0.00s predict=0.000s wall=0.1s
[191/360] OK      GRAPEVINE_LeafTraits/An_spxyG70_30_byCultivar_MicroNIR ridge-default-cv5 seed=1 rmsep=3.5593 search=0.1s refit=0.00s predict=0.000s wall=0.1s
[192/360] OK      GRAPEVINE_LeafTraits/An_spxyG70_30_byCultivar_MicroNIR ridge-default-cv5 seed=2 rmsep=3.5664 search=0.1s refit=0.00s predict=0.000s wall=0.1s
[193/360] OK      GRAPEVINE_LeafTraits/An_spxyG70_30_byCultivar_MicroNIR_NeoSpectra pls-default-cv5 seed=0 rmsep=3.9039 search=0.4s refit=0.00s predict=0.000s wall=0.4s
[194/360] OK      GRAPEVINE_LeafTraits/An_spxyG70_30_byCultivar_MicroNIR_NeoSpectra pls-default-cv5 seed=1 rmsep=4.5102 search=0.4s refit=0.00s predict=0.001s wall=0.4s
[195/360] OK      GRAPEVINE_LeafTraits/An_spxyG70_30_byCultivar_MicroNIR_NeoSpectra pls-default-cv5 seed=2 rmsep=4.4762 search=0.4s refit=0.00s predict=0.000s wall=0.4s
[196/360] OK      GRAPEVINE_LeafTraits/An_spxyG70_30_byCultivar_MicroNIR_NeoSpectra ridge-default-cv5 seed=0 rmsep=3.9754 search=0.2s refit=0.00s predict=0.000s wall=0.2s
[197/360] OK      GRAPEVINE_LeafTraits/An_spxyG70_30_byCultivar_MicroNIR_NeoSpectra ridge-default-cv5 seed=1 rmsep=4.2341 search=0.2s refit=0.00s predict=0.000s wall=0.2s
[198/360] OK      GRAPEVINE_LeafTraits/An_spxyG70_30_byCultivar_MicroNIR_NeoSpectra ridge-default-cv5 seed=2 rmsep=4.2341 search=0.1s refit=0.00s predict=0.000s wall=0.1s
[199/360] OK      GRAPEVINE_LeafTraits/An_spxyG70_30_byCultivar_NeoSpectra pls-default-cv5 seed=0 rmsep=5.1418 search=0.3s refit=0.01s predict=0.001s wall=0.3s
[200/360] OK      GRAPEVINE_LeafTraits/An_spxyG70_30_byCultivar_NeoSpectra pls-default-cv5 seed=1 rmsep=4.8415 search=0.4s refit=0.00s predict=0.000s wall=0.4s
[201/360] OK      GRAPEVINE_LeafTraits/An_spxyG70_30_byCultivar_NeoSpectra pls-default-cv5 seed=2 rmsep=5.1975 search=0.4s refit=0.00s predict=0.000s wall=0.4s
[202/360] OK      GRAPEVINE_LeafTraits/An_spxyG70_30_byCultivar_NeoSpectra ridge-default-cv5 seed=0 rmsep=4.8674 search=0.1s refit=0.00s predict=0.000s wall=0.1s
[203/360] OK      GRAPEVINE_LeafTraits/An_spxyG70_30_byCultivar_NeoSpectra ridge-default-cv5 seed=1 rmsep=4.8674 search=0.2s refit=0.00s predict=0.000s wall=0.2s
[204/360] OK      GRAPEVINE_LeafTraits/An_spxyG70_30_byCultivar_NeoSpectra ridge-default-cv5 seed=2 rmsep=4.8674 search=0.1s refit=0.00s predict=0.000s wall=0.1s
[205/360] OK      GRAPEVINE_LeafTraits/LMA_spxyG70_30_byCultivar_ASD pls-default-cv5 seed=0 rmsep=0.3087 search=17.1s refit=0.61s predict=0.007s wall=17.7s
[206/360] OK      GRAPEVINE_LeafTraits/LMA_spxyG70_30_byCultivar_ASD pls-default-cv5 seed=1 rmsep=0.3087 search=17.5s refit=0.62s predict=0.004s wall=18.1s
[207/360] OK      GRAPEVINE_LeafTraits/LMA_spxyG70_30_byCultivar_ASD pls-default-cv5 seed=2 rmsep=0.3087 search=18.3s refit=0.53s predict=0.010s wall=18.9s
[208/360] OK      GRAPEVINE_LeafTraits/LMA_spxyG70_30_byCultivar_ASD ridge-default-cv5 seed=0 rmsep=0.3028 search=4.8s refit=0.08s predict=0.004s wall=4.8s
[209/360] OK      GRAPEVINE_LeafTraits/LMA_spxyG70_30_byCultivar_ASD ridge-default-cv5 seed=1 rmsep=0.3028 search=4.7s refit=0.06s predict=0.004s wall=4.8s
[210/360] OK      GRAPEVINE_LeafTraits/LMA_spxyG70_30_byCultivar_ASD ridge-default-cv5 seed=2 rmsep=0.3028 search=4.6s refit=0.08s predict=0.003s wall=4.6s
[211/360] OK      GRAPEVINE_LeafTraits/WUEinst_spxyG70_30_byCultivar_MicroNIR_NeoSpectra pls-default-cv5 seed=0 rmsep=1.8438 search=0.3s refit=0.00s predict=0.000s wall=0.3s
[212/360] OK      GRAPEVINE_LeafTraits/WUEinst_spxyG70_30_byCultivar_MicroNIR_NeoSpectra pls-default-cv5 seed=1 rmsep=1.8438 search=0.4s refit=0.00s predict=0.000s wall=0.4s
[213/360] OK      GRAPEVINE_LeafTraits/WUEinst_spxyG70_30_byCultivar_MicroNIR_NeoSpectra pls-default-cv5 seed=2 rmsep=1.6946 search=0.3s refit=0.00s predict=0.000s wall=0.3s
[214/360] OK      GRAPEVINE_LeafTraits/WUEinst_spxyG70_30_byCultivar_MicroNIR_NeoSpectra ridge-default-cv5 seed=0 rmsep=1.5583 search=0.2s refit=0.00s predict=0.000s wall=0.2s
[215/360] OK      GRAPEVINE_LeafTraits/WUEinst_spxyG70_30_byCultivar_MicroNIR_NeoSpectra ridge-default-cv5 seed=1 rmsep=1.5583 search=0.1s refit=0.00s predict=0.000s wall=0.1s
[216/360] OK      GRAPEVINE_LeafTraits/WUEinst_spxyG70_30_byCultivar_MicroNIR_NeoSpectra ridge-default-cv5 seed=2 rmsep=1.5583 search=0.2s refit=0.00s predict=0.000s wall=0.2s
[217/360] OK      IncombustibleMaterial/TIC_spxy70 pls-default-cv5 seed=0 rmsep=5.0188 search=0.3s refit=0.00s predict=0.000s wall=0.3s
[218/360] OK      IncombustibleMaterial/TIC_spxy70 pls-default-cv5 seed=1 rmsep=5.0188 search=0.3s refit=0.00s predict=0.000s wall=0.3s
[219/360] OK      IncombustibleMaterial/TIC_spxy70 pls-default-cv5 seed=2 rmsep=5.0230 search=0.3s refit=0.00s predict=0.000s wall=0.3s
[220/360] OK      IncombustibleMaterial/TIC_spxy70 ridge-default-cv5 seed=0 rmsep=4.5311 search=0.1s refit=0.00s predict=0.000s wall=0.1s
[221/360] OK      IncombustibleMaterial/TIC_spxy70 ridge-default-cv5 seed=1 rmsep=4.5311 search=0.1s refit=0.00s predict=0.000s wall=0.1s
[222/360] OK      IncombustibleMaterial/TIC_spxy70 ridge-default-cv5 seed=2 rmsep=4.5311 search=0.1s refit=0.00s predict=0.000s wall=0.1s
[223/360] OK      LUCAS/LUCAS_SOC_Cropland_8731_NocitaKS pls-default-cv5 seed=0 rmsep=4.9890 search=254.4s refit=8.89s predict=0.122s wall=263.4s
[224/360] OK      LUCAS/LUCAS_SOC_Cropland_8731_NocitaKS pls-default-cv5 seed=1 rmsep=4.9890 search=256.5s refit=9.06s predict=0.120s wall=265.6s
[225/360] OK      LUCAS/LUCAS_SOC_Cropland_8731_NocitaKS pls-default-cv5 seed=2 rmsep=4.9890 search=253.2s refit=9.56s predict=0.156s wall=262.9s
[226/360] OK      LUCAS/LUCAS_SOC_Cropland_8731_NocitaKS ridge-default-cv5 seed=0 rmsep=4.5350 search=159.7s refit=2.21s predict=0.069s wall=162.0s
[227/360] OK      LUCAS/LUCAS_SOC_Cropland_8731_NocitaKS ridge-default-cv5 seed=1 rmsep=4.5350 search=162.7s refit=2.04s predict=0.070s wall=164.8s
[228/360] OK      LUCAS/LUCAS_SOC_Cropland_8731_NocitaKS ridge-default-cv5 seed=2 rmsep=4.5350 search=167.5s refit=2.10s predict=0.072s wall=169.7s
[229/360] OK      LUCAS/LUCAS_SOC_all_26650_NocitaKS pls-default-cv5 seed=0 rmsep=18.3390 search=537.9s refit=21.01s predict=0.287s wall=559.2s
[230/360] OK      LUCAS/LUCAS_SOC_all_26650_NocitaKS pls-default-cv5 seed=1 rmsep=18.3390 search=543.1s refit=21.17s predict=0.269s wall=564.6s
[231/360] OK      LUCAS/LUCAS_SOC_all_26650_NocitaKS pls-default-cv5 seed=2 rmsep=18.3390 search=598.6s refit=21.67s predict=0.331s wall=620.6s
[232/360] OK      LUCAS/LUCAS_SOC_all_26650_NocitaKS ridge-default-cv5 seed=0 rmsep=14.6251 search=329.4s refit=4.42s predict=0.146s wall=334.0s
[233/360] OK      LUCAS/LUCAS_SOC_all_26650_NocitaKS ridge-default-cv5 seed=1 rmsep=14.6251 search=332.2s refit=3.49s predict=0.157s wall=335.8s
[234/360] OK      LUCAS/LUCAS_SOC_all_26650_NocitaKS ridge-default-cv5 seed=2 rmsep=14.6251 search=321.7s refit=3.57s predict=0.246s wall=325.5s
[235/360] OK      LUCAS/LUCAS_pH_Organic_1763_LiuRandomOrganic pls-default-cv5 seed=0 rmsep=0.4357 search=26.3s refit=1.21s predict=0.011s wall=27.5s
[236/360] OK      LUCAS/LUCAS_pH_Organic_1763_LiuRandomOrganic pls-default-cv5 seed=1 rmsep=0.4357 search=28.4s refit=1.30s predict=0.012s wall=29.7s
[237/360] OK      LUCAS/LUCAS_pH_Organic_1763_LiuRandomOrganic pls-default-cv5 seed=2 rmsep=0.4357 search=26.6s refit=1.25s predict=0.010s wall=27.8s
[238/360] OK      LUCAS/LUCAS_pH_Organic_1763_LiuRandomOrganic ridge-default-cv5 seed=0 rmsep=0.3583 search=10.6s refit=0.15s predict=0.009s wall=10.8s
[239/360] OK      LUCAS/LUCAS_pH_Organic_1763_LiuRandomOrganic ridge-default-cv5 seed=1 rmsep=0.3583 search=12.3s refit=0.18s predict=0.009s wall=12.5s
[240/360] OK      LUCAS/LUCAS_pH_Organic_1763_LiuRandomOrganic ridge-default-cv5 seed=2 rmsep=0.3583 search=16.1s refit=0.18s predict=0.008s wall=16.3s
[241/360] OK      MALARIA/Malaria_Oocist_333_Maia pls-default-cv5 seed=0 rmsep=7953.7226 search=3.1s refit=0.01s predict=0.002s wall=3.2s
[242/360] OK      MALARIA/Malaria_Oocist_333_Maia pls-default-cv5 seed=1 rmsep=7953.7226 search=3.4s refit=0.01s predict=0.002s wall=3.4s
[243/360] OK      MALARIA/Malaria_Oocist_333_Maia pls-default-cv5 seed=2 rmsep=7953.7226 search=3.3s refit=0.01s predict=0.002s wall=3.3s
[244/360] OK      MALARIA/Malaria_Oocist_333_Maia ridge-default-cv5 seed=0 rmsep=7829.2058 search=0.8s refit=0.01s predict=0.002s wall=0.8s
[245/360] OK      MALARIA/Malaria_Oocist_333_Maia ridge-default-cv5 seed=1 rmsep=7829.2058 search=0.8s refit=0.01s predict=0.001s wall=0.8s
[246/360] OK      MALARIA/Malaria_Oocist_333_Maia ridge-default-cv5 seed=2 rmsep=7829.2058 search=1.0s refit=0.01s predict=0.001s wall=1.0s
[247/360] OK      MALARIA/Malaria_Sporozoite_229_Maia pls-default-cv5 seed=0 rmsep=33811.3297 search=2.1s refit=0.01s predict=0.002s wall=2.1s
[248/360] OK      MALARIA/Malaria_Sporozoite_229_Maia pls-default-cv5 seed=1 rmsep=34046.1773 search=2.3s refit=0.01s predict=0.001s wall=2.3s
[249/360] OK      MALARIA/Malaria_Sporozoite_229_Maia pls-default-cv5 seed=2 rmsep=33931.4557 search=2.0s refit=0.01s predict=0.001s wall=2.0s
[250/360] OK      MALARIA/Malaria_Sporozoite_229_Maia ridge-default-cv5 seed=0 rmsep=33859.2073 search=0.7s refit=0.01s predict=0.002s wall=0.7s
[251/360] OK      MALARIA/Malaria_Sporozoite_229_Maia ridge-default-cv5 seed=1 rmsep=33927.2997 search=0.9s refit=0.01s predict=0.001s wall=0.9s
[252/360] OK      MALARIA/Malaria_Sporozoite_229_Maia ridge-default-cv5 seed=2 rmsep=33859.2073 search=0.9s refit=0.02s predict=0.001s wall=0.9s
[253/360] OK      MANURE21/All_manure_CaO_SPXY_strat_Manure_type pls-default-cv5 seed=0 rmsep=8.1810 search=2.4s refit=0.03s predict=0.001s wall=2.4s
[254/360] OK      MANURE21/All_manure_CaO_SPXY_strat_Manure_type pls-default-cv5 seed=1 rmsep=8.1810 search=2.3s refit=0.04s predict=0.001s wall=2.4s
[255/360] OK      MANURE21/All_manure_CaO_SPXY_strat_Manure_type pls-default-cv5 seed=2 rmsep=7.8808 search=1.9s refit=0.03s predict=0.001s wall=1.9s
[256/360] OK      MANURE21/All_manure_CaO_SPXY_strat_Manure_type ridge-default-cv5 seed=0 rmsep=7.4627 search=0.6s refit=0.01s predict=0.001s wall=0.6s
[257/360] OK      MANURE21/All_manure_CaO_SPXY_strat_Manure_type ridge-default-cv5 seed=1 rmsep=7.4627 search=0.6s refit=0.01s predict=0.001s wall=0.6s
[258/360] OK      MANURE21/All_manure_CaO_SPXY_strat_Manure_type ridge-default-cv5 seed=2 rmsep=7.4627 search=0.7s refit=0.04s predict=0.001s wall=0.8s
[259/360] OK      MANURE21/All_manure_K2O_SPXY_strat_Manure_type pls-default-cv5 seed=0 rmsep=2.6341 search=1.8s refit=0.02s predict=0.001s wall=1.9s
[260/360] OK      MANURE21/All_manure_K2O_SPXY_strat_Manure_type pls-default-cv5 seed=1 rmsep=2.6408 search=1.8s refit=0.02s predict=0.001s wall=1.8s
[261/360] OK      MANURE21/All_manure_K2O_SPXY_strat_Manure_type pls-default-cv5 seed=2 rmsep=2.6408 search=1.6s refit=0.02s predict=0.001s wall=1.7s
[262/360] OK      MANURE21/All_manure_K2O_SPXY_strat_Manure_type ridge-default-cv5 seed=0 rmsep=2.4488 search=0.6s refit=0.01s predict=0.001s wall=0.6s
[263/360] OK      MANURE21/All_manure_K2O_SPXY_strat_Manure_type ridge-default-cv5 seed=1 rmsep=2.5611 search=0.6s refit=0.01s predict=0.001s wall=0.6s
[264/360] OK      MANURE21/All_manure_K2O_SPXY_strat_Manure_type ridge-default-cv5 seed=2 rmsep=2.4488 search=0.6s refit=0.01s predict=0.001s wall=0.6s
[265/360] OK      MANURE21/All_manure_MgO_SPXY_strat_Manure_type pls-default-cv5 seed=0 rmsep=0.8400 search=1.8s refit=0.02s predict=0.001s wall=1.9s
[266/360] OK      MANURE21/All_manure_MgO_SPXY_strat_Manure_type pls-default-cv5 seed=1 rmsep=0.8187 search=1.7s refit=0.02s predict=0.001s wall=1.8s
[267/360] OK      MANURE21/All_manure_MgO_SPXY_strat_Manure_type pls-default-cv5 seed=2 rmsep=0.8187 search=1.8s refit=0.02s predict=0.001s wall=1.9s
[268/360] OK      MANURE21/All_manure_MgO_SPXY_strat_Manure_type ridge-default-cv5 seed=0 rmsep=0.7842 search=0.7s refit=0.01s predict=0.001s wall=0.7s
[269/360] OK      MANURE21/All_manure_MgO_SPXY_strat_Manure_type ridge-default-cv5 seed=1 rmsep=0.7842 search=0.5s refit=0.01s predict=0.000s wall=0.5s
[270/360] OK      MANURE21/All_manure_MgO_SPXY_strat_Manure_type ridge-default-cv5 seed=2 rmsep=0.7842 search=0.5s refit=0.01s predict=0.001s wall=0.5s
[271/360] OK      MANURE21/All_manure_P2O5_SPXY_strat_Manure_type pls-default-cv5 seed=0 rmsep=2.4963 search=1.8s refit=0.03s predict=0.001s wall=1.9s
[272/360] OK      MANURE21/All_manure_P2O5_SPXY_strat_Manure_type pls-default-cv5 seed=1 rmsep=2.4825 search=1.8s refit=0.02s predict=0.001s wall=1.8s
[273/360] OK      MANURE21/All_manure_P2O5_SPXY_strat_Manure_type pls-default-cv5 seed=2 rmsep=2.4963 search=1.9s refit=0.02s predict=0.001s wall=1.9s
[274/360] OK      MANURE21/All_manure_P2O5_SPXY_strat_Manure_type ridge-default-cv5 seed=0 rmsep=2.5920 search=0.6s refit=0.01s predict=0.001s wall=0.6s
[275/360] OK      MANURE21/All_manure_P2O5_SPXY_strat_Manure_type ridge-default-cv5 seed=1 rmsep=2.5920 search=0.6s refit=0.01s predict=0.001s wall=0.6s
[276/360] OK      MANURE21/All_manure_P2O5_SPXY_strat_Manure_type ridge-default-cv5 seed=2 rmsep=2.4549 search=0.7s refit=0.01s predict=0.001s wall=0.7s
[277/360] OK      MANURE21/All_manure_Total_N_SPXY_strat_Manure_type pls-default-cv5 seed=0 rmsep=1.8018 search=1.7s refit=0.02s predict=0.001s wall=1.7s
[278/360] OK      MANURE21/All_manure_Total_N_SPXY_strat_Manure_type pls-default-cv5 seed=1 rmsep=1.7276 search=1.9s refit=0.02s predict=0.001s wall=2.0s
[279/360] OK      MANURE21/All_manure_Total_N_SPXY_strat_Manure_type pls-default-cv5 seed=2 rmsep=1.8018 search=1.8s refit=0.04s predict=0.001s wall=1.8s
[280/360] OK      MANURE21/All_manure_Total_N_SPXY_strat_Manure_type ridge-default-cv5 seed=0 rmsep=1.6854 search=0.6s refit=0.01s predict=0.001s wall=0.6s
[281/360] OK      MANURE21/All_manure_Total_N_SPXY_strat_Manure_type ridge-default-cv5 seed=1 rmsep=1.6854 search=0.6s refit=0.01s predict=0.001s wall=0.6s
[282/360] OK      MANURE21/All_manure_Total_N_SPXY_strat_Manure_type ridge-default-cv5 seed=2 rmsep=1.6854 search=0.6s refit=0.01s predict=0.001s wall=0.6s
[283/360] OK      MILK/Milk_Fat_1224_KS pls-default-cv5 seed=0 rmsep=0.0973 search=0.4s refit=0.00s predict=0.000s wall=0.5s
[284/360] OK      MILK/Milk_Fat_1224_KS pls-default-cv5 seed=1 rmsep=0.1028 search=0.4s refit=0.01s predict=0.000s wall=0.4s
[285/360] OK      MILK/Milk_Fat_1224_KS pls-default-cv5 seed=2 rmsep=0.0973 search=0.5s refit=0.00s predict=0.000s wall=0.5s
[286/360] OK      MILK/Milk_Fat_1224_KS ridge-default-cv5 seed=0 rmsep=0.0969 search=0.1s refit=0.00s predict=0.000s wall=0.1s
[287/360] OK      MILK/Milk_Fat_1224_KS ridge-default-cv5 seed=1 rmsep=0.0969 search=0.2s refit=0.00s predict=0.000s wall=0.2s
[288/360] OK      MILK/Milk_Fat_1224_KS ridge-default-cv5 seed=2 rmsep=0.0969 search=0.2s refit=0.00s predict=0.000s wall=0.2s
[289/360] OK      MILK/Milk_Lactose_1224_KS pls-default-cv5 seed=0 rmsep=0.0536 search=1.2s refit=0.03s predict=0.001s wall=1.2s
[290/360] OK      MILK/Milk_Lactose_1224_KS pls-default-cv5 seed=1 rmsep=0.0536 search=1.3s refit=0.02s predict=0.001s wall=1.3s
[291/360] OK      MILK/Milk_Lactose_1224_KS pls-default-cv5 seed=2 rmsep=0.0530 search=1.3s refit=0.02s predict=0.001s wall=1.4s
[292/360] OK      MILK/Milk_Lactose_1224_KS ridge-default-cv5 seed=0 rmsep=0.0531 search=0.4s refit=0.00s predict=0.000s wall=0.4s
[293/360] OK      MILK/Milk_Lactose_1224_KS ridge-default-cv5 seed=1 rmsep=0.0531 search=0.4s refit=0.00s predict=0.000s wall=0.4s
[294/360] OK      MILK/Milk_Lactose_1224_KS ridge-default-cv5 seed=2 rmsep=0.0531 search=0.4s refit=0.00s predict=0.001s wall=0.4s
[295/360] OK      MILK/Milk_Urea_1224_KS pls-default-cv5 seed=0 rmsep=4.3442 search=1.2s refit=0.02s predict=0.001s wall=1.2s
[296/360] OK      MILK/Milk_Urea_1224_KS pls-default-cv5 seed=1 rmsep=4.3442 search=1.2s refit=0.01s predict=0.001s wall=1.2s
[297/360] OK      MILK/Milk_Urea_1224_KS pls-default-cv5 seed=2 rmsep=4.3442 search=1.2s refit=0.01s predict=0.001s wall=1.2s
[298/360] OK      MILK/Milk_Urea_1224_KS ridge-default-cv5 seed=0 rmsep=4.1342 search=0.4s refit=0.00s predict=0.000s wall=0.4s
[299/360] OK      MILK/Milk_Urea_1224_KS ridge-default-cv5 seed=1 rmsep=4.1342 search=0.4s refit=0.00s predict=0.000s wall=0.4s
[300/360] OK      MILK/Milk_Urea_1224_KS ridge-default-cv5 seed=2 rmsep=4.1342 search=0.4s refit=0.00s predict=0.001s wall=0.4s
[301/360] OK      PEACH/Brix_spxy70 pls-default-cv5 seed=0 rmsep=1.2015 search=0.4s refit=0.00s predict=0.000s wall=0.4s
[302/360] OK      PEACH/Brix_spxy70 pls-default-cv5 seed=1 rmsep=1.1613 search=0.3s refit=0.00s predict=0.000s wall=0.3s
[303/360] OK      PEACH/Brix_spxy70 pls-default-cv5 seed=2 rmsep=1.1613 search=0.3s refit=0.00s predict=0.000s wall=0.3s
[304/360] OK      PEACH/Brix_spxy70 ridge-default-cv5 seed=0 rmsep=1.0620 search=0.1s refit=0.00s predict=0.000s wall=0.1s
[305/360] OK      PEACH/Brix_spxy70 ridge-default-cv5 seed=1 rmsep=1.0620 search=0.1s refit=0.00s predict=0.000s wall=0.1s
[306/360] OK      PEACH/Brix_spxy70 ridge-default-cv5 seed=2 rmsep=0.9371 search=0.2s refit=0.00s predict=0.000s wall=0.2s
[307/360] OK      PHOSPHORUS/LP_spxyG pls-default-cv5 seed=0 rmsep=0.1886 search=2.2s refit=0.02s predict=0.001s wall=2.2s
[308/360] OK      PHOSPHORUS/LP_spxyG pls-default-cv5 seed=1 rmsep=0.1841 search=2.0s refit=0.02s predict=0.001s wall=2.0s
[309/360] OK      PHOSPHORUS/LP_spxyG pls-default-cv5 seed=2 rmsep=0.1796 search=1.9s refit=0.03s predict=0.001s wall=1.9s
[310/360] OK      PHOSPHORUS/LP_spxyG ridge-default-cv5 seed=0 rmsep=0.1807 search=0.5s refit=0.01s predict=0.001s wall=0.5s
[311/360] OK      PHOSPHORUS/LP_spxyG ridge-default-cv5 seed=1 rmsep=0.1807 search=0.4s refit=0.00s predict=0.001s wall=0.4s
[312/360] OK      PHOSPHORUS/LP_spxyG ridge-default-cv5 seed=2 rmsep=0.1743 search=0.5s refit=0.01s predict=0.001s wall=0.5s
[313/360] OK      PHOSPHORUS/MP_spxyG pls-default-cv5 seed=0 rmsep=0.0220 search=1.8s refit=0.02s predict=0.001s wall=1.8s
[314/360] OK      PHOSPHORUS/MP_spxyG pls-default-cv5 seed=1 rmsep=0.0220 search=2.0s refit=0.02s predict=0.001s wall=2.1s
[315/360] OK      PHOSPHORUS/MP_spxyG pls-default-cv5 seed=2 rmsep=0.0220 search=1.8s refit=0.02s predict=0.001s wall=1.8s
[316/360] OK      PHOSPHORUS/MP_spxyG ridge-default-cv5 seed=0 rmsep=0.0208 search=0.5s refit=0.01s predict=0.001s wall=0.5s
[317/360] OK      PHOSPHORUS/MP_spxyG ridge-default-cv5 seed=1 rmsep=0.0208 search=0.4s refit=0.00s predict=0.001s wall=0.5s
[318/360] OK      PHOSPHORUS/MP_spxyG ridge-default-cv5 seed=2 rmsep=0.0208 search=0.4s refit=0.01s predict=0.001s wall=0.5s
[319/360] OK      PHOSPHORUS/NP_spxyG pls-default-cv5 seed=0 rmsep=0.1063 search=1.9s refit=0.04s predict=0.001s wall=2.0s
[320/360] OK      PHOSPHORUS/NP_spxyG pls-default-cv5 seed=1 rmsep=0.1063 search=1.8s refit=0.04s predict=0.001s wall=1.9s
[321/360] OK      PHOSPHORUS/NP_spxyG pls-default-cv5 seed=2 rmsep=0.1063 search=2.0s refit=0.09s predict=0.001s wall=2.1s
[322/360] OK      PHOSPHORUS/NP_spxyG ridge-default-cv5 seed=0 rmsep=0.1001 search=0.7s refit=0.01s predict=0.001s wall=0.7s
[323/360] OK      PHOSPHORUS/NP_spxyG ridge-default-cv5 seed=1 rmsep=0.1033 search=0.5s refit=0.01s predict=0.001s wall=0.5s
[324/360] OK      PHOSPHORUS/NP_spxyG ridge-default-cv5 seed=2 rmsep=0.1001 search=0.5s refit=0.01s predict=0.001s wall=0.5s
[325/360] OK      PHOSPHORUS/Pi_spxyG pls-default-cv5 seed=0 rmsep=0.1884 search=1.8s refit=0.03s predict=0.001s wall=1.8s
[326/360] OK      PHOSPHORUS/Pi_spxyG pls-default-cv5 seed=1 rmsep=0.1813 search=2.0s refit=0.02s predict=0.001s wall=2.1s
[327/360] OK      PHOSPHORUS/Pi_spxyG pls-default-cv5 seed=2 rmsep=0.1738 search=2.2s refit=0.04s predict=0.001s wall=2.2s
[328/360] OK      PHOSPHORUS/Pi_spxyG ridge-default-cv5 seed=0 rmsep=0.1738 search=0.4s refit=0.01s predict=0.001s wall=0.4s
[329/360] OK      PHOSPHORUS/Pi_spxyG ridge-default-cv5 seed=1 rmsep=0.1738 search=0.5s refit=0.01s predict=0.001s wall=0.5s
[330/360] OK      PHOSPHORUS/Pi_spxyG ridge-default-cv5 seed=2 rmsep=0.1738 search=0.5s refit=0.01s predict=0.001s wall=0.5s
[331/360] OK      PHOSPHORUS/V25_spxyG pls-default-cv5 seed=0 rmsep=0.3656 search=1.9s refit=0.02s predict=0.001s wall=1.9s
[332/360] OK      PHOSPHORUS/V25_spxyG pls-default-cv5 seed=1 rmsep=0.3798 search=1.9s refit=0.03s predict=0.001s wall=2.0s
[333/360] OK      PHOSPHORUS/V25_spxyG pls-default-cv5 seed=2 rmsep=0.4006 search=1.9s refit=0.05s predict=0.001s wall=2.0s
[334/360] OK      PHOSPHORUS/V25_spxyG ridge-default-cv5 seed=0 rmsep=0.3417 search=0.5s refit=0.01s predict=0.001s wall=0.5s
[335/360] OK      PHOSPHORUS/V25_spxyG ridge-default-cv5 seed=1 rmsep=0.3567 search=0.5s refit=0.00s predict=0.001s wall=0.5s
[336/360] OK      PHOSPHORUS/V25_spxyG ridge-default-cv5 seed=2 rmsep=0.3417 search=0.5s refit=0.00s predict=0.001s wall=0.5s
[337/360] ERROR   PLUMS/Firmness_spxy70 pls-default-cv5 seed=0 rmsep=nan search=0.0s refit=0.00s predict=0.000s wall=0.3s
[338/360] ERROR   PLUMS/Firmness_spxy70 pls-default-cv5 seed=1 rmsep=nan search=0.0s refit=0.00s predict=0.000s wall=0.3s
[339/360] ERROR   PLUMS/Firmness_spxy70 pls-default-cv5 seed=2 rmsep=nan search=0.0s refit=0.00s predict=0.000s wall=0.3s
[340/360] OK      PLUMS/Firmness_spxy70 ridge-default-cv5 seed=0 rmsep=0.3337 search=0.2s refit=0.00s predict=0.000s wall=0.2s
[341/360] OK      PLUMS/Firmness_spxy70 ridge-default-cv5 seed=1 rmsep=0.2995 search=0.1s refit=0.00s predict=0.000s wall=0.1s
[342/360] OK      PLUMS/Firmness_spxy70 ridge-default-cv5 seed=2 rmsep=0.2995 search=0.1s refit=0.00s predict=0.000s wall=0.1s
[343/360] OK      TABLET/Escitalopramt_310_Zhao pls-default-cv5 seed=0 rmsep=0.3998 search=0.6s refit=0.00s predict=0.000s wall=0.6s
[344/360] OK      TABLET/Escitalopramt_310_Zhao pls-default-cv5 seed=1 rmsep=0.3998 search=0.7s refit=0.00s predict=0.000s wall=0.7s
[345/360] OK      TABLET/Escitalopramt_310_Zhao pls-default-cv5 seed=2 rmsep=0.4060 search=0.5s refit=0.00s predict=0.000s wall=0.5s
[346/360] OK      TABLET/Escitalopramt_310_Zhao ridge-default-cv5 seed=0 rmsep=0.3849 search=0.3s refit=0.00s predict=0.000s wall=0.3s
[347/360] OK      TABLET/Escitalopramt_310_Zhao ridge-default-cv5 seed=1 rmsep=0.3849 search=0.3s refit=0.00s predict=0.001s wall=0.3s
[348/360] OK      TABLET/Escitalopramt_310_Zhao ridge-default-cv5 seed=2 rmsep=0.3849 search=0.3s refit=0.00s predict=0.000s wall=0.3s
[349/360] OK      WOOD_density/WOOD_Density_402_Olale pls-default-cv5 seed=0 rmsep=0.1317 search=1.3s refit=0.01s predict=0.001s wall=1.3s
[350/360] OK      WOOD_density/WOOD_Density_402_Olale pls-default-cv5 seed=1 rmsep=0.1317 search=1.1s refit=0.01s predict=0.001s wall=1.1s
[351/360] OK      WOOD_density/WOOD_Density_402_Olale pls-default-cv5 seed=2 rmsep=0.1303 search=1.2s refit=0.01s predict=0.001s wall=1.2s
[352/360] OK      WOOD_density/WOOD_Density_402_Olale ridge-default-cv5 seed=0 rmsep=0.1485 search=0.3s refit=0.01s predict=0.001s wall=0.3s
[353/360] OK      WOOD_density/WOOD_Density_402_Olale ridge-default-cv5 seed=1 rmsep=0.1485 search=0.4s refit=0.00s predict=0.001s wall=0.4s
[354/360] OK      WOOD_density/WOOD_Density_402_Olale ridge-default-cv5 seed=2 rmsep=0.1485 search=0.3s refit=0.01s predict=0.001s wall=0.3s
[355/360] OK      WOOD_density/WOOD_N_402_Olale pls-default-cv5 seed=0 rmsep=0.0498 search=1.2s refit=0.01s predict=0.001s wall=1.3s
[356/360] OK      WOOD_density/WOOD_N_402_Olale pls-default-cv5 seed=1 rmsep=0.0498 search=1.2s refit=0.03s predict=0.001s wall=1.2s
[357/360] OK      WOOD_density/WOOD_N_402_Olale pls-default-cv5 seed=2 rmsep=0.0495 search=1.3s refit=0.02s predict=0.002s wall=1.3s
[358/360] OK      WOOD_density/WOOD_N_402_Olale ridge-default-cv5 seed=0 rmsep=0.0621 search=0.4s refit=0.01s predict=0.001s wall=0.4s
[359/360] OK      WOOD_density/WOOD_N_402_Olale ridge-default-cv5 seed=1 rmsep=0.0621 search=0.6s refit=0.01s predict=0.001s wall=0.6s
[360/360] OK      WOOD_density/WOOD_N_402_Olale ridge-default-cv5 seed=2 rmsep=0.0621 search=0.4s refit=0.01s predict=0.001s wall=0.4s
[runner] done. results -> bench/scenarios/runs/paper_aom_linear_hpo_full_cartesian_default_cv5_all/results.csv
