This is pdfTeX, Version 3.141592653-2.6-1.40.22 (TeX Live 2022/dev/Debian) (preloaded format=pdflatex 2026.2.4)  4 MAY 2026 10:57
entering extended mode
 restricted \write18 enabled.
 %&-line parsing enabled.
**aomridge_paper.tex
(./aomridge_paper.tex
LaTeX2e <2021-11-15> patch level 1
L3 programming layer <2022-01-21>
(/usr/share/texlive/texmf-dist/tex/latex/base/article.cls
Document Class: article 2021/10/04 v1.4n Standard LaTeX document class
(/usr/share/texlive/texmf-dist/tex/latex/base/size11.clo
File: size11.clo 2021/10/04 v1.4n Standard LaTeX file (size option)
)
\c@part=\count185
\c@section=\count186
\c@subsection=\count187
\c@subsubsection=\count188
\c@paragraph=\count189
\c@subparagraph=\count190
\c@figure=\count191
\c@table=\count192
\abovecaptionskip=\skip47
\belowcaptionskip=\skip48
\bibindent=\dimen138
)
(/usr/share/texlive/texmf-dist/tex/latex/base/inputenc.sty
Package: inputenc 2021/02/14 v1.3d Input encoding file
\inpenc@prehook=\toks16
\inpenc@posthook=\toks17
)
(/usr/share/texlive/texmf-dist/tex/latex/base/fontenc.sty
Package: fontenc 2021/04/29 v2.0v Standard LaTeX package
)
(/usr/share/texlive/texmf-dist/tex/latex/amsmath/amsmath.sty
Package: amsmath 2021/10/15 v2.17l AMS math features
\@mathmargin=\skip49

For additional information on amsmath, use the `?' option.
(/usr/share/texlive/texmf-dist/tex/latex/amsmath/amstext.sty
Package: amstext 2021/08/26 v2.01 AMS text

(/usr/share/texlive/texmf-dist/tex/latex/amsmath/amsgen.sty
File: amsgen.sty 1999/11/30 v2.0 generic functions
\@emptytoks=\toks18
\ex@=\dimen139
))
(/usr/share/texlive/texmf-dist/tex/latex/amsmath/amsbsy.sty
Package: amsbsy 1999/11/29 v1.2d Bold Symbols
\pmbraise@=\dimen140
)
(/usr/share/texlive/texmf-dist/tex/latex/amsmath/amsopn.sty
Package: amsopn 2021/08/26 v2.02 operator names
)
\inf@bad=\count193
LaTeX Info: Redefining \frac on input line 234.
\uproot@=\count194
\leftroot@=\count195
LaTeX Info: Redefining \overline on input line 399.
\classnum@=\count196
\DOTSCASE@=\count197
LaTeX Info: Redefining \ldots on input line 496.
LaTeX Info: Redefining \dots on input line 499.
LaTeX Info: Redefining \cdots on input line 620.
\Mathstrutbox@=\box50
\strutbox@=\box51
\big@size=\dimen141
LaTeX Font Info:    Redeclaring font encoding OML on input line 743.
LaTeX Font Info:    Redeclaring font encoding OMS on input line 744.
\macc@depth=\count198
\c@MaxMatrixCols=\count199
\dotsspace@=\muskip16
\c@parentequation=\count266
\dspbrk@lvl=\count267
\tag@help=\toks19
\row@=\count268
\column@=\count269
\maxfields@=\count270
\andhelp@=\toks20
\eqnshift@=\dimen142
\alignsep@=\dimen143
\tagshift@=\dimen144
\tagwidth@=\dimen145
\totwidth@=\dimen146
\lineht@=\dimen147
\@envbody=\toks21
\multlinegap=\skip50
\multlinetaggap=\skip51
\mathdisplay@stack=\toks22
LaTeX Info: Redefining \[ on input line 2938.
LaTeX Info: Redefining \] on input line 2939.
)
(/usr/share/texlive/texmf-dist/tex/latex/amsfonts/amssymb.sty
Package: amssymb 2013/01/14 v3.01 AMS font symbols

(/usr/share/texlive/texmf-dist/tex/latex/amsfonts/amsfonts.sty
Package: amsfonts 2013/01/14 v3.01 Basic AMSFonts support
\symAMSa=\mathgroup4
\symAMSb=\mathgroup5
LaTeX Font Info:    Redeclaring math symbol \hbar on input line 98.
LaTeX Font Info:    Overwriting math alphabet `\mathfrak' in version `bold'
(Font)                  U/euf/m/n --> U/euf/b/n on input line 106.
))
(/usr/share/texlive/texmf-dist/tex/latex/mathtools/mathtools.sty
Package: mathtools 2021/02/02 v1.28 mathematical typesetting tools

(/usr/share/texlive/texmf-dist/tex/latex/graphics/keyval.sty
Package: keyval 2014/10/28 v1.15 key=value parser (DPC)
\KV@toks@=\toks23
)
(/usr/share/texlive/texmf-dist/tex/latex/tools/calc.sty
Package: calc 2017/05/25 v4.3 Infix arithmetic (KKT,FJ)
\calc@Acount=\count271
\calc@Bcount=\count272
\calc@Adimen=\dimen148
\calc@Bdimen=\dimen149
\calc@Askip=\skip52
\calc@Bskip=\skip53
LaTeX Info: Redefining \setlength on input line 80.
LaTeX Info: Redefining \addtolength on input line 81.
\calc@Ccount=\count273
\calc@Cskip=\skip54
)
(/usr/share/texlive/texmf-dist/tex/latex/mathtools/mhsetup.sty
Package: mhsetup 2021/03/18 v1.4 programming setup (MH)
)
\g_MT_multlinerow_int=\count274
\l_MT_multwidth_dim=\dimen150
\origjot=\skip55
\l_MT_shortvdotswithinadjustabove_dim=\dimen151
\l_MT_shortvdotswithinadjustbelow_dim=\dimen152
\l_MT_above_intertext_sep=\dimen153
\l_MT_below_intertext_sep=\dimen154
\l_MT_above_shortintertext_sep=\dimen155
\l_MT_below_shortintertext_sep=\dimen156
\xmathstrut@box=\box52
\xmathstrut@dim=\dimen157
)
(/usr/share/texlive/texmf-dist/tex/latex/tools/bm.sty
Package: bm 2021/04/25 v1.2e Bold Symbol Support (DPC/FMi)
\symboldoperators=\mathgroup6
\symboldletters=\mathgroup7
\symboldsymbols=\mathgroup8
Package bm Info: No bold for \OMX/cmex/m/n, using \pmb.
Package bm Info: No bold for \U/msa/m/n, using \pmb.
Package bm Info: No bold for \U/msb/m/n, using \pmb.
LaTeX Font Info:    Redeclaring math alphabet \mathbf on input line 149.
)
(/usr/share/texlive/texmf-dist/tex/latex/booktabs/booktabs.sty
Package: booktabs 2020/01/12 v1.61803398 Publication quality tables
\heavyrulewidth=\dimen158
\lightrulewidth=\dimen159
\cmidrulewidth=\dimen160
\belowrulesep=\dimen161
\belowbottomsep=\dimen162
\aboverulesep=\dimen163
\abovetopsep=\dimen164
\cmidrulesep=\dimen165
\cmidrulekern=\dimen166
\defaultaddspace=\dimen167
\@cmidla=\count275
\@cmidlb=\count276
\@aboverulesep=\dimen168
\@belowrulesep=\dimen169
\@thisruleclass=\count277
\@lastruleclass=\count278
\@thisrulewidth=\dimen170
)
(/usr/share/texlive/texmf-dist/tex/latex/graphics/graphicx.sty
Package: graphicx 2021/09/16 v1.2d Enhanced LaTeX Graphics (DPC,SPQR)

(/usr/share/texlive/texmf-dist/tex/latex/graphics/graphics.sty
Package: graphics 2021/03/04 v1.4d Standard LaTeX Graphics (DPC,SPQR)

(/usr/share/texlive/texmf-dist/tex/latex/graphics/trig.sty
Package: trig 2021/08/11 v1.11 sin cos tan (DPC)
)
(/usr/share/texlive/texmf-dist/tex/latex/graphics-cfg/graphics.cfg
File: graphics.cfg 2016/06/04 v1.11 sample graphics configuration
)
Package graphics Info: Driver file: pdftex.def on input line 107.

(/usr/share/texlive/texmf-dist/tex/latex/graphics-def/pdftex.def
File: pdftex.def 2020/10/05 v1.2a Graphics/color driver for pdftex
))
\Gin@req@height=\dimen171
\Gin@req@width=\dimen172
)
(/usr/share/texlive/texmf-dist/tex/latex/xcolor/xcolor.sty
Package: xcolor 2021/10/31 v2.13 LaTeX color extensions (UK)

(/usr/share/texlive/texmf-dist/tex/latex/graphics-cfg/color.cfg
File: color.cfg 2016/01/02 v1.6 sample color configuration
)
Package xcolor Info: Driver file: pdftex.def on input line 227.
Package xcolor Info: Model `cmy' substituted by `cmy0' on input line 1352.
Package xcolor Info: Model `hsb' substituted by `rgb' on input line 1356.
Package xcolor Info: Model `RGB' extended on input line 1368.
Package xcolor Info: Model `HTML' substituted by `rgb' on input line 1370.
Package xcolor Info: Model `Hsb' substituted by `hsb' on input line 1371.
Package xcolor Info: Model `tHsb' substituted by `hsb' on input line 1372.
Package xcolor Info: Model `HSB' substituted by `hsb' on input line 1373.
Package xcolor Info: Model `Gray' substituted by `gray' on input line 1374.
Package xcolor Info: Model `wave' substituted by `hsb' on input line 1375.
)
(/usr/share/texlive/texmf-dist/tex/latex/hyperref/hyperref.sty
Package: hyperref 2021-06-07 v7.00m Hypertext links for LaTeX

(/usr/share/texlive/texmf-dist/tex/generic/ltxcmds/ltxcmds.sty
Package: ltxcmds 2020-05-10 v1.25 LaTeX kernel commands for general use (HO)
)
(/usr/share/texlive/texmf-dist/tex/generic/iftex/iftex.sty
Package: iftex 2020/03/06 v1.0d TeX engine tests
)
(/usr/share/texlive/texmf-dist/tex/generic/pdftexcmds/pdftexcmds.sty
Package: pdftexcmds 2020-06-27 v0.33 Utility functions of pdfTeX for LuaTeX (HO
)

(/usr/share/texlive/texmf-dist/tex/generic/infwarerr/infwarerr.sty
Package: infwarerr 2019/12/03 v1.5 Providing info/warning/error messages (HO)
)
Package pdftexcmds Info: \pdf@primitive is available.
Package pdftexcmds Info: \pdf@ifprimitive is available.
Package pdftexcmds Info: \pdfdraftmode found.
)
(/usr/share/texlive/texmf-dist/tex/generic/kvsetkeys/kvsetkeys.sty
Package: kvsetkeys 2019/12/15 v1.18 Key value parser (HO)
)
(/usr/share/texlive/texmf-dist/tex/generic/kvdefinekeys/kvdefinekeys.sty
Package: kvdefinekeys 2019-12-19 v1.6 Define keys (HO)
)
(/usr/share/texlive/texmf-dist/tex/generic/pdfescape/pdfescape.sty
Package: pdfescape 2019/12/09 v1.15 Implements pdfTeX's escape features (HO)
)
(/usr/share/texlive/texmf-dist/tex/latex/hycolor/hycolor.sty
Package: hycolor 2020-01-27 v1.10 Color options for hyperref/bookmark (HO)
)
(/usr/share/texlive/texmf-dist/tex/latex/letltxmacro/letltxmacro.sty
Package: letltxmacro 2019/12/03 v1.6 Let assignment for LaTeX macros (HO)
)
(/usr/share/texlive/texmf-dist/tex/latex/auxhook/auxhook.sty
Package: auxhook 2019-12-17 v1.6 Hooks for auxiliary files (HO)
)
(/usr/share/texlive/texmf-dist/tex/latex/kvoptions/kvoptions.sty
Package: kvoptions 2020-10-07 v3.14 Key value format for package options (HO)
)
\@linkdim=\dimen173
\Hy@linkcounter=\count279
\Hy@pagecounter=\count280

(/usr/share/texlive/texmf-dist/tex/latex/hyperref/pd1enc.def
File: pd1enc.def 2021-06-07 v7.00m Hyperref: PDFDocEncoding definition (HO)
Now handling font encoding PD1 ...
... no UTF-8 mapping file for font encoding PD1
)
(/usr/share/texlive/texmf-dist/tex/latex/hyperref/hyperref-langpatches.def
File: hyperref-langpatches.def 2021-06-07 v7.00m Hyperref: patches for babel la
nguages
)
(/usr/share/texlive/texmf-dist/tex/generic/intcalc/intcalc.sty
Package: intcalc 2019/12/15 v1.3 Expandable calculations with integers (HO)
)
(/usr/share/texlive/texmf-dist/tex/generic/etexcmds/etexcmds.sty
Package: etexcmds 2019/12/15 v1.7 Avoid name clashes with e-TeX commands (HO)
)
\Hy@SavedSpaceFactor=\count281

(/usr/share/texlive/texmf-dist/tex/latex/hyperref/puenc.def
File: puenc.def 2021-06-07 v7.00m Hyperref: PDF Unicode definition (HO)
Now handling font encoding PU ...
... no UTF-8 mapping file for font encoding PU
)
Package hyperref Info: Hyper figures OFF on input line 4192.
Package hyperref Info: Link nesting OFF on input line 4197.
Package hyperref Info: Hyper index ON on input line 4200.
Package hyperref Info: Plain pages OFF on input line 4207.
Package hyperref Info: Backreferencing OFF on input line 4212.
Package hyperref Info: Implicit mode ON; LaTeX internals redefined.
Package hyperref Info: Bookmarks ON on input line 4445.
\c@Hy@tempcnt=\count282

(/usr/share/texlive/texmf-dist/tex/latex/url/url.sty
\Urlmuskip=\muskip17
Package: url 2013/09/16  ver 3.4  Verb mode for urls, etc.
)
LaTeX Info: Redefining \url on input line 4804.
\XeTeXLinkMargin=\dimen174

(/usr/share/texlive/texmf-dist/tex/generic/bitset/bitset.sty
Package: bitset 2019/12/09 v1.3 Handle bit-vector datatype (HO)

(/usr/share/texlive/texmf-dist/tex/generic/bigintcalc/bigintcalc.sty
Package: bigintcalc 2019/12/15 v1.5 Expandable calculations on big integers (HO
)
))
\Fld@menulength=\count283
\Field@Width=\dimen175
\Fld@charsize=\dimen176
Package hyperref Info: Hyper figures OFF on input line 6076.
Package hyperref Info: Link nesting OFF on input line 6081.
Package hyperref Info: Hyper index ON on input line 6084.
Package hyperref Info: backreferencing OFF on input line 6091.
Package hyperref Info: Link coloring OFF on input line 6096.
Package hyperref Info: Link coloring with OCG OFF on input line 6101.
Package hyperref Info: PDF/A mode OFF on input line 6106.
LaTeX Info: Redefining \ref on input line 6146.
LaTeX Info: Redefining \pageref on input line 6150.

(/usr/share/texlive/texmf-dist/tex/latex/base/atbegshi-ltx.sty
Package: atbegshi-ltx 2021/01/10 v1.0c Emulation of the original atbegshi
package with kernel methods
)
\Hy@abspage=\count284
\c@Item=\count285
\c@Hfootnote=\count286
)
Package hyperref Info: Driver (autodetected): hpdftex.

(/usr/share/texlive/texmf-dist/tex/latex/hyperref/hpdftex.def
File: hpdftex.def 2021-06-07 v7.00m Hyperref driver for pdfTeX

(/usr/share/texlive/texmf-dist/tex/latex/base/atveryend-ltx.sty
Package: atveryend-ltx 2020/08/19 v1.0a Emulation of the original atveryend pac
kage
with kernel methods
)
\Fld@listcount=\count287
\c@bookmark@seq@number=\count288

(/usr/share/texlive/texmf-dist/tex/latex/rerunfilecheck/rerunfilecheck.sty
Package: rerunfilecheck 2019/12/05 v1.9 Rerun checks for auxiliary files (HO)

(/usr/share/texlive/texmf-dist/tex/generic/uniquecounter/uniquecounter.sty
Package: uniquecounter 2019/12/15 v1.4 Provide unlimited unique counter (HO)
)
Package uniquecounter Info: New unique counter `rerunfilecheck' on input line 2
86.
)
\Hy@SectionHShift=\skip56
)
(/usr/share/texmf/tex/latex/lm/lmodern.sty
Package: lmodern 2009/10/30 v1.6 Latin Modern Fonts
LaTeX Font Info:    Overwriting symbol font `operators' in version `normal'
(Font)                  OT1/cmr/m/n --> OT1/lmr/m/n on input line 22.
LaTeX Font Info:    Overwriting symbol font `letters' in version `normal'
(Font)                  OML/cmm/m/it --> OML/lmm/m/it on input line 23.
LaTeX Font Info:    Overwriting symbol font `symbols' in version `normal'
(Font)                  OMS/cmsy/m/n --> OMS/lmsy/m/n on input line 24.
LaTeX Font Info:    Overwriting symbol font `largesymbols' in version `normal'
(Font)                  OMX/cmex/m/n --> OMX/lmex/m/n on input line 25.
LaTeX Font Info:    Overwriting symbol font `operators' in version `bold'
(Font)                  OT1/cmr/bx/n --> OT1/lmr/bx/n on input line 26.
LaTeX Font Info:    Overwriting symbol font `letters' in version `bold'
(Font)                  OML/cmm/b/it --> OML/lmm/b/it on input line 27.
LaTeX Font Info:    Overwriting symbol font `symbols' in version `bold'
(Font)                  OMS/cmsy/b/n --> OMS/lmsy/b/n on input line 28.
LaTeX Font Info:    Overwriting symbol font `largesymbols' in version `bold'
(Font)                  OMX/cmex/m/n --> OMX/lmex/m/n on input line 29.
LaTeX Font Info:    Overwriting math alphabet `\mathbf' in version `normal'
(Font)                  OT1/cmr/bx/n --> OT1/lmr/bx/n on input line 31.
LaTeX Font Info:    Overwriting math alphabet `\mathsf' in version `normal'
(Font)                  OT1/cmss/m/n --> OT1/lmss/m/n on input line 32.
LaTeX Font Info:    Overwriting math alphabet `\mathit' in version `normal'
(Font)                  OT1/cmr/m/it --> OT1/lmr/m/it on input line 33.
LaTeX Font Info:    Overwriting math alphabet `\mathtt' in version `normal'
(Font)                  OT1/cmtt/m/n --> OT1/lmtt/m/n on input line 34.
LaTeX Font Info:    Overwriting math alphabet `\mathbf' in version `bold'
(Font)                  OT1/cmr/bx/n --> OT1/lmr/bx/n on input line 35.
LaTeX Font Info:    Overwriting math alphabet `\mathsf' in version `bold'
(Font)                  OT1/cmss/bx/n --> OT1/lmss/bx/n on input line 36.
LaTeX Font Info:    Overwriting math alphabet `\mathit' in version `bold'
(Font)                  OT1/cmr/bx/it --> OT1/lmr/bx/it on input line 37.
LaTeX Font Info:    Overwriting math alphabet `\mathtt' in version `bold'
(Font)                  OT1/cmtt/m/n --> OT1/lmtt/m/n on input line 38.
)
(/usr/share/texlive/texmf-dist/tex/latex/microtype/microtype.sty
Package: microtype 2021/12/10 v3.0b Micro-typographical refinements (RS)

(/usr/share/texlive/texmf-dist/tex/latex/etoolbox/etoolbox.sty
Package: etoolbox 2020/10/05 v2.5k e-TeX tools for LaTeX (JAW)
\etb@tempcnta=\count289
)
\MT@toks=\toks24
\MT@count=\count290
\MT@tempbox=\box53
LaTeX Info: Redefining \leftprotrusion on input line 1010.
LaTeX Info: Redefining \rightprotrusion on input line 1018.
LaTeX Info: Redefining \textls on input line 1173.
\MT@outer@kern=\dimen177
LaTeX Info: Redefining \textmicrotypecontext on input line 1759.
\MT@listname@count=\count291

(/usr/share/texlive/texmf-dist/tex/latex/microtype/microtype-pdftex.def
File: microtype-pdftex.def 2021/12/10 v3.0b Definitions specific to pdftex (RS)

LaTeX Info: Redefining \lsstyle on input line 897.
LaTeX Info: Redefining \lslig on input line 897.
\MT@outer@space=\skip57
)
Package microtype Info: Loading configuration file microtype.cfg.

(/usr/share/texlive/texmf-dist/tex/latex/microtype/microtype.cfg
File: microtype.cfg 2021/12/10 v3.0b microtype main configuration file (RS)
))
(/usr/share/texlive/texmf-dist/tex/latex/enumitem/enumitem.sty
Package: enumitem 2019/06/20 v3.9 Customized lists
\labelindent=\skip58
\enit@outerparindent=\dimen178
\enit@toks=\toks25
\enit@inbox=\box54
\enit@count@id=\count292
\enitdp@description=\count293
)
(/usr/share/texlive/texmf-dist/tex/latex/caption/caption.sty
Package: caption 2020/10/26 v3.5g Customizing captions (AR)

(/usr/share/texlive/texmf-dist/tex/latex/caption/caption3.sty
Package: caption3 2020/10/21 v2.2e caption3 kernel (AR)
\captionmargin=\dimen179
\captionmargin@=\dimen180
\captionwidth=\dimen181
\caption@tempdima=\dimen182
\caption@indent=\dimen183
\caption@parindent=\dimen184
\caption@hangindent=\dimen185
Package caption Info: Standard document class detected.
)
\c@caption@flags=\count294
\c@continuedfloat=\count295
Package caption Info: hyperref package is loaded.
)
(/usr/share/texlive/texmf-dist/tex/latex/natbib/natbib.sty
Package: natbib 2010/09/13 8.31b (PWD, AO)
\bibhang=\skip59
\bibsep=\skip60
LaTeX Info: Redefining \cite on input line 694.
\c@NAT@ctr=\count296
)
(/usr/share/texlive/texmf-dist/tex/latex/tools/xspace.sty
Package: xspace 2014/10/28 v1.13 Space after command names (DPC,MH)
)
(/usr/share/texlive/texmf-dist/tex/latex/geometry/geometry.sty
Package: geometry 2020/01/02 v5.9 Page Geometry

(/usr/share/texlive/texmf-dist/tex/generic/iftex/ifvtex.sty
Package: ifvtex 2019/10/25 v1.7 ifvtex legacy package. Use iftex instead.
)
\Gm@cnth=\count297
\Gm@cntv=\count298
\c@Gm@tempcnt=\count299
\Gm@bindingoffset=\dimen186
\Gm@wd@mp=\dimen187
\Gm@odd@mp=\dimen188
\Gm@even@mp=\dimen189
\Gm@layoutwidth=\dimen190
\Gm@layoutheight=\dimen191
\Gm@layouthoffset=\dimen192
\Gm@layoutvoffset=\dimen193
\Gm@dimlist=\toks26
)
Package hyperref Info: Option `colorlinks' set `true' on input line 39.
LaTeX Font Info:    Trying to load font information for T1+lmr on input line 79
.

(/usr/share/texmf/tex/latex/lm/t1lmr.fd
File: t1lmr.fd 2009/10/30 v1.6 Font defs for Latin Modern
)
(/usr/share/texlive/texmf-dist/tex/latex/l3backend/l3backend-pdftex.def
File: l3backend-pdftex.def 2022-01-12 L3 backend support: PDF output (pdfTeX)
\l__color_backend_stack_int=\count300
\l__pdf_internal_box=\box55
)
(./aomridge_paper.aux)
\openout1 = `aomridge_paper.aux'.

LaTeX Font Info:    Checking defaults for OML/cmm/m/it on input line 79.
LaTeX Font Info:    ... okay on input line 79.
LaTeX Font Info:    Checking defaults for OMS/cmsy/m/n on input line 79.
LaTeX Font Info:    ... okay on input line 79.
LaTeX Font Info:    Checking defaults for OT1/cmr/m/n on input line 79.
LaTeX Font Info:    ... okay on input line 79.
LaTeX Font Info:    Checking defaults for T1/cmr/m/n on input line 79.
LaTeX Font Info:    ... okay on input line 79.
LaTeX Font Info:    Checking defaults for TS1/cmr/m/n on input line 79.
LaTeX Font Info:    ... okay on input line 79.
LaTeX Font Info:    Checking defaults for OMX/cmex/m/n on input line 79.
LaTeX Font Info:    ... okay on input line 79.
LaTeX Font Info:    Checking defaults for U/cmr/m/n on input line 79.
LaTeX Font Info:    ... okay on input line 79.
LaTeX Font Info:    Checking defaults for PD1/pdf/m/n on input line 79.
LaTeX Font Info:    ... okay on input line 79.
LaTeX Font Info:    Checking defaults for PU/pdf/m/n on input line 79.
LaTeX Font Info:    ... okay on input line 79.

(/usr/share/texlive/texmf-dist/tex/context/base/mkii/supp-pdf.mkii
[Loading MPS to PDF converter (version 2006.09.02).]
\scratchcounter=\count301
\scratchdimen=\dimen194
\scratchbox=\box56
\nofMPsegments=\count302
\nofMParguments=\count303
\everyMPshowfont=\toks27
\MPscratchCnt=\count304
\MPscratchDim=\dimen195
\MPnumerator=\count305
\makeMPintoPDFobject=\count306
\everyMPtoPDFconversion=\toks28
) (/usr/share/texlive/texmf-dist/tex/latex/epstopdf-pkg/epstopdf-base.sty
Package: epstopdf-base 2020-01-24 v2.11 Base part for package epstopdf
Package epstopdf-base Info: Redefining graphics rule for `.eps' on input line 4
85.

(/usr/share/texlive/texmf-dist/tex/latex/latexconfig/epstopdf-sys.cfg
File: epstopdf-sys.cfg 2010/07/13 v1.3 Configuration of (r)epstopdf for TeX Liv
e
))
Package hyperref Info: Link coloring ON on input line 79.

(/usr/share/texlive/texmf-dist/tex/latex/hyperref/nameref.sty
Package: nameref 2021-04-02 v2.47 Cross-referencing by name of section

(/usr/share/texlive/texmf-dist/tex/latex/refcount/refcount.sty
Package: refcount 2019/12/15 v3.6 Data extraction from label references (HO)
)
(/usr/share/texlive/texmf-dist/tex/generic/gettitlestring/gettitlestring.sty
Package: gettitlestring 2019/12/15 v1.6 Cleanup title references (HO)
)
\c@section@level=\count307
)
LaTeX Info: Redefining \ref on input line 79.
LaTeX Info: Redefining \pageref on input line 79.
LaTeX Info: Redefining \nameref on input line 79.

(./aomridge_paper.out) (./aomridge_paper.out)
\@outlinefile=\write3
\openout3 = `aomridge_paper.out'.

LaTeX Info: Redefining \microtypecontext on input line 79.
Package microtype Info: Applying patch `item' on input line 79.
Package microtype Info: Applying patch `toc' on input line 79.
Package microtype Info: Applying patch `eqnum' on input line 79.
Package microtype Info: Applying patch `footnote' on input line 79.
Package microtype Info: Generating PDF output.
Package microtype Info: Character protrusion enabled (level 2).
Package microtype Info: Using default protrusion set `alltext'.
Package microtype Info: Automatic font expansion enabled (level 2),
(microtype)             stretch: 20, shrink: 20, step: 1, non-selected.
Package microtype Info: Using default expansion set `alltext-nott'.
LaTeX Info: Redefining \showhyphens on input line 79.
Package microtype Info: No adjustment of tracking.
Package microtype Info: No adjustment of interword spacing.
Package microtype Info: No adjustment of character kerning.

(/usr/share/texlive/texmf-dist/tex/latex/microtype/mt-cmr.cfg
File: mt-cmr.cfg 2013/05/19 v2.2 microtype config. file: Computer Modern Roman 
(RS)
)
Package caption Info: Begin \AtBeginDocument code.
Package caption Info: End \AtBeginDocument code.

*geometry* driver: auto-detecting
*geometry* detected driver: pdftex
*geometry* verbose mode - [ preamble ] result:
* driver: pdftex
* paper: a4paper
* layout: <same size as paper>
* layoutoffset:(h,v)=(0.0pt,0.0pt)
* modes: 
* h-part:(L,W,R)=(71.13188pt, 455.24411pt, 71.13188pt)
* v-part:(T,H,B)=(71.13188pt, 702.78308pt, 71.13188pt)
* \paperwidth=597.50787pt
* \paperheight=845.04684pt
* \textwidth=455.24411pt
* \textheight=702.78308pt
* \oddsidemargin=-1.1381pt
* \evensidemargin=-1.1381pt
* \topmargin=-38.1381pt
* \headheight=12.0pt
* \headsep=25.0pt
* \topskip=11.0pt
* \footskip=30.0pt
* \marginparwidth=50.0pt
* \marginparsep=10.0pt
* \columnsep=10.0pt
* \skip\footins=10.0pt plus 4.0pt minus 2.0pt
* \hoffset=0.0pt
* \voffset=0.0pt
* \mag=1000
* \@twocolumnfalse
* \@twosidefalse
* \@mparswitchfalse
* \@reversemarginfalse
* (1in=72.27pt=25.4mm, 1cm=28.453pt)

LaTeX Font Info:    Trying to load font information for OT1+lmr on input line 8
2.
(/usr/share/texmf/tex/latex/lm/ot1lmr.fd
File: ot1lmr.fd 2009/10/30 v1.6 Font defs for Latin Modern
)
LaTeX Font Info:    Trying to load font information for OML+lmm on input line 8
2.

(/usr/share/texmf/tex/latex/lm/omllmm.fd
File: omllmm.fd 2009/10/30 v1.6 Font defs for Latin Modern
)
LaTeX Font Info:    Trying to load font information for OMS+lmsy on input line 
82.

(/usr/share/texmf/tex/latex/lm/omslmsy.fd
File: omslmsy.fd 2009/10/30 v1.6 Font defs for Latin Modern
)
LaTeX Font Info:    Trying to load font information for OMX+lmex on input line 
82.

(/usr/share/texmf/tex/latex/lm/omxlmex.fd
File: omxlmex.fd 2009/10/30 v1.6 Font defs for Latin Modern
)
LaTeX Font Info:    External font `lmex10' loaded for size
(Font)              <12> on input line 82.
LaTeX Font Info:    External font `lmex10' loaded for size
(Font)              <8> on input line 82.
LaTeX Font Info:    External font `lmex10' loaded for size
(Font)              <6> on input line 82.
LaTeX Font Info:    Trying to load font information for U+msa on input line 82.


(/usr/share/texlive/texmf-dist/tex/latex/amsfonts/umsa.fd
File: umsa.fd 2013/01/14 v3.01 AMS symbols A
)
(/usr/share/texlive/texmf-dist/tex/latex/microtype/mt-msa.cfg
File: mt-msa.cfg 2006/02/04 v1.1 microtype config. file: AMS symbols (a) (RS)
)
LaTeX Font Info:    Trying to load font information for U+msb on input line 82.


(/usr/share/texlive/texmf-dist/tex/latex/amsfonts/umsb.fd
File: umsb.fd 2013/01/14 v3.01 AMS symbols B
)
(/usr/share/texlive/texmf-dist/tex/latex/microtype/mt-msb.cfg
File: mt-msb.cfg 2005/06/01 v1.0 microtype config. file: AMS symbols (b) (RS)
)
LaTeX Font Info:    Trying to load font information for T1+lmtt on input line 8
2.

(/usr/share/texmf/tex/latex/lm/t1lmtt.fd
File: t1lmtt.fd 2009/10/30 v1.6 Font defs for Latin Modern
)
Package microtype Info: Loading generic protrusion settings for font family
(microtype)             `lmtt' (encoding: T1).
(microtype)             For optimal results, create family-specific settings.
(microtype)             See the microtype manual for details.
 (./abstract.tex
Package microtype Info: Character `029' is missing
(microtype)             in font `T1/lmr/m/sc/10'.
(microtype)             Ignoring protrusion settings for this character.
LaTeX Font Info:    External font `lmex10' loaded for size
(Font)              <10> on input line 13.
LaTeX Font Info:    External font `lmex10' loaded for size
(Font)              <7> on input line 13.
LaTeX Font Info:    External font `lmex10' loaded for size
(Font)              <5> on input line 13.
)
LaTeX Font Info:    External font `lmex10' loaded for size
(Font)              <10.95> on input line 90.
Package microtype Info: Character `029' is missing
(microtype)             in font `T1/lmr/m/sc/10.95'.
(microtype)             Ignoring protrusion settings for this character.
 [1

{/var/lib/texmf/fonts/map/pdftex/updmap/pdftex.map}]
Overfull \hbox (20.7379pt too wide) in paragraph at lines 145--150
\T1/lmr/m/n/10.95 (-20) cient $\OML/cmm/b/it/10.95 ^^L \OT1/lmr/m/n/10.95 (-20)
 = \OT1/lmr/bx/n/10.95 (-20) UC$ \T1/lmr/m/n/10.95 (-20) that makes the es-ti-m
a-tor a drop-in re-place-ment for \T1/lmtt/m/n/10.95 sklearn.linear_model.Ridge
\T1/lmr/m/n/10.95 (-20) ; 
 []

[2] [3] [4]
LaTeX Font Info:    Font shape `T1/lmtt/bx/n' in size <10.95> not available
(Font)              Font shape `T1/lmtt/b/n' tried instead on input line 357.

Overfull \hbox (26.89938pt too wide) in paragraph at lines 375--390
\T1/lmr/m/n/10.95 (-20) score $\OMS/lmsy/m/n/10.95 k\OML/lmm/m/it/10.95 s[]\OT1
/lmr/bx/n/10.95 (-20) A[]X[]Y[]\OMS/lmsy/m/n/10.95 k[]$ \T1/lmr/m/n/10.95 (-20)
 per op-er-a-tor, op-tion-ally a kernel-target align-ment $\OMS/lmsy/m/n/10.95 
h\OT1/lmr/bx/n/10.95 (-20) K[]\OML/lmm/m/it/10.95 ; \OT1/lmr/bx/n/10.95 (-20) Y
[]Y[]\OMS/lmsy/m/n/10.95 i[]\OML/lmm/m/it/10.95 =\OT1/lmr/m/n/10.95 (-20) (\OMS
/lmsy/m/n/10.95 k\OT1/lmr/bx/n/10.95 (-20) K[]\OMS/lmsy/m/n/10.95 k[]k\OT1/lmr/
bx/n/10.95 (-20) Y[]Y[]\OMS/lmsy/m/n/10.95 k[]\OT1/lmr/m/n/10.95 (-20) )$
 []

[5]
<../figures//fig_alpha_grid.pdf, id=279, 753.09602pt x 297.39781pt>
File: ../figures//fig_alpha_grid.pdf Graphic file (type pdf)
<use ../figures//fig_alpha_grid.pdf>
Package pdftex.def Info: ../figures//fig_alpha_grid.pdf  used on input line 504
.
(pdftex.def)             Requested size: 386.96027pt x 152.80989pt.
 [6]
LaTeX Font Info:    Font shape `T1/lmtt/bx/n' in size <12> not available
(Font)              Font shape `T1/lmtt/b/n' tried instead on input line 561.

Overfull \hbox (86.44455pt too wide) detected at line 572
[][] \OT1/lmr/m/n/10.95 = \OMS/lmsy/m/n/10.95 f []\OML/lmm/m/it/10.95 ;  [];  [
];  [][];  [][];  [][];  [];  [][];  [][][];  [][][] \OMS/lmsy/m/n/10.95 g\OML/
lmm/m/it/10.95 :
 []

[7 <../figures//fig_alpha_grid.pdf>]
Overfull \hbox (96.50154pt too wide) in paragraph at lines 589--599
\T1/lmr/m/n/10.95 (-20) co-hort con-tains four NIRS datasets where the test spl
it is a known stress test: \T1/lmtt/m/n/10.95 Beer_OriginalExtract_60_YbaseSpli
t
 []


Overfull \hbox (15.50897pt too wide) in paragraph at lines 617--622
\T1/lmr/m/n/10.95 (-20) The split-aware mode is ex-posed as \T1/lmtt/m/n/10.95 
extra={"split_aware_cv": True, "split_kind": "auto"}
 []

[8] [9]
<../figures//fig_aomridge_framework.pdf, id=434, 789.91112pt x 392.42609pt>
File: ../figures//fig_aomridge_framework.pdf Graphic file (type pdf)
<use ../figures//fig_aomridge_framework.pdf>
Package pdftex.def Info: ../figures//fig_aomridge_framework.pdf  used on input 
line 788.
(pdftex.def)             Requested size: 432.48051pt x 214.85298pt.
 [10]
LaTeX Font Info:    Trying to load font information for TS1+lmr on input line 8
28.
 (/usr/share/texmf/tex/latex/lm/ts1lmr.fd
File: ts1lmr.fd 2009/10/30 v1.6 Font defs for Latin Modern
)
Overfull \hbox (52.39427pt too wide) in paragraph at lines 851--855
[]\T1/lmtt/m/n/10.95 AOMRidge-branch_global-compact-none\T1/lmr/m/n/10.95 (-20)
 : \T1/lmtt/m/n/10.95 branch_global \T1/lmr/m/n/10.95 (-20) mode with branches 
in $\OMS/lmsy/m/n/10.95 f[]\OML/lmm/m/it/10.95 ; []; []\OMS/lmsy/m/n/10.95 g$
 []

[11 <../figures//fig_aomridge_framework.pdf>] [12] (../tables/table_summary.tex
) (../tables/table_per_method_summary.tex
Overfull \hbox (117.94373pt too wide) in paragraph at lines 1--21
 [][] 
 []

) [13] [14]
Underfull \hbox (badness 4303) in paragraph at lines 1069--1069
[]\T1/lmr/m/n/10.95 (+20) Table 3: |Per-baseline me-dian delta and win-rate of 
the AOM-Ridge or-a-cle en-
 []


Underfull \hbox (badness 10000) in paragraph at lines 1069--1069
\T1/lmr/m/n/10.95 (+20) ve-lope on the 52-dataset co-hort (the 54 datasets mi-n
us \T1/lmtt/m/n/10.95 Quartz_spxy70 \T1/lmr/m/n/10.95 (+20) and
 []


Underfull \hbox (badness 10000) in paragraph at lines 1069--1069
\T1/lmtt/m/n/10.95 LUCAS_SOC_Cropland_8731_NocitaKS\T1/lmr/m/n/10.95 (+20) ). E
ach cell is $\OT1/lmr/m/n/10.95 (+20) ^^A = ([][] \OMS/lmsy/m/n/10.95 ^^@
 []

(../tables/table_summary.tex)
<../figures//fig_critical_difference.pdf, id=645, 717.64113pt x 255.33768pt>
File: ../figures//fig_critical_difference.pdf Graphic file (type pdf)
<use ../figures//fig_critical_difference.pdf>
Package pdftex.def Info: ../figures//fig_critical_difference.pdf  used on input
 line 1076.
(pdftex.def)             Requested size: 386.96027pt x 137.68158pt.
<../figures//fig_per_dataset_delta_vs_paper_ridge.pdf, id=646, 1332.90036pt x 3
55.01193pt>
File: ../figures//fig_per_dataset_delta_vs_paper_ridge.pdf Graphic file (type p
df)
<use ../figures//fig_per_dataset_delta_vs_paper_ridge.pdf>
Package pdftex.def Info: ../figures//fig_per_dataset_delta_vs_paper_ridge.pdf  
used on input line 1088.
(pdftex.def)             Requested size: 432.48051pt x 115.18791pt.
<../figures//fig_heatmap_methods_x_datasets.pdf, id=649, 536.4218pt x 934.32222
pt>
File: ../figures//fig_heatmap_methods_x_datasets.pdf Graphic file (type pdf)
<use ../figures//fig_heatmap_methods_x_datasets.pdf>
Package pdftex.def Info: ../figures//fig_heatmap_methods_x_datasets.pdf  used o
n input line 1098.
(pdftex.def)             Requested size: 432.48051pt x 753.28975pt.


LaTeX Warning: Float too large for page by 101.30667pt on input line 1105.

<../figures//fig_cumulative_irmsep.pdf, id=650, 1005.4823pt x 399.54645pt>
File: ../figures//fig_cumulative_irmsep.pdf Graphic file (type pdf)
<use ../figures//fig_cumulative_irmsep.pdf>
Package pdftex.def Info: ../figures//fig_cumulative_irmsep.pdf  used on input l
ine 1109.
(pdftex.def)             Requested size: 432.48051pt x 171.85039pt.
<../figures//fig_irmsep_vs_time.pdf, id=651, 723.49348pt x 448.71703pt>
File: ../figures//fig_irmsep_vs_time.pdf Graphic file (type pdf)
<use ../figures//fig_irmsep_vs_time.pdf>
Package pdftex.def Info: ../figures//fig_irmsep_vs_time.pdf  used on input line
 1123.
(pdftex.def)             Requested size: 386.96027pt x 240.00304pt.
<../figures//fig_aomridge_vs_baselines_grid.pdf, id=652, 1004.73433pt x 519.178
05pt>
File: ../figures//fig_aomridge_vs_baselines_grid.pdf Graphic file (type pdf)
<use ../figures//fig_aomridge_vs_baselines_grid.pdf>
Package pdftex.def Info: ../figures//fig_aomridge_vs_baselines_grid.pdf  used o
n input line 1134.
(pdftex.def)             Requested size: 432.48051pt x 223.47195pt.
<../figures//fig_per_dataset_blender_vs_baselines.pdf, id=653, 930.34705pt x 56
9.1551pt>
File: ../figures//fig_per_dataset_blender_vs_baselines.pdf Graphic file (type p
df)
<use ../figures//fig_per_dataset_blender_vs_baselines.pdf>
Package pdftex.def Info: ../figures//fig_per_dataset_blender_vs_baselines.pdf  
used on input line 1150.
(pdftex.def)             Requested size: 432.48051pt x 264.57622pt.
<../figures//fig_radar_oracle_vs_baselines.pdf, id=654, 629.42299pt x 501.54074
pt>
File: ../figures//fig_radar_oracle_vs_baselines.pdf Graphic file (type pdf)
<use ../figures//fig_radar_oracle_vs_baselines.pdf>
Package pdftex.def Info: ../figures//fig_radar_oracle_vs_baselines.pdf  used on
 input line 1163.
(pdftex.def)             Requested size: 295.90588pt x 235.7854pt.
<../figures//fig_aom_winner_distribution.pdf, id=655, 643.29587pt x 350.81339pt
>
File: ../figures//fig_aom_winner_distribution.pdf Graphic file (type pdf)
<use ../figures//fig_aom_winner_distribution.pdf>
Package pdftex.def Info: ../figures//fig_aom_winner_distribution.pdf  used on i
nput line 1175.
(pdftex.def)             Requested size: 386.96027pt x 211.02493pt.
[15 <../figures//fig_critical_difference.pdf>]
Overfull \hbox (81.57007pt too wide) in paragraph at lines 1250--1270
\T1/lmr/m/n/10.95 (-20) global se-lec-tor. Pair-ing AOM-Ridge-PLS with the EMSC
2 branch (\T1/lmtt/m/n/10.95 AOMRidgePLS-compact-Hmax-relative-emsc2\T1/lmr/m/n
/10.95 (-20) )
 []


Overfull \hbox (27.99927pt too wide) in paragraph at lines 1250--1270
\T1/lmr/m/n/10.95 (-20) wins catas-troph-i-cally on the two large ECO-SIS leaf-
trait datasets, $\OMS/lmsy/m/n/10.95 ^^@\OT1/lmr/m/n/10.95 (-20) 80\OML/lmm/m/i
t/10.95 :\OT1/lmr/m/n/10.95 (-20) 7%$ \T1/lmr/m/n/10.95 (-20) on \T1/lmtt/m/n/1
0.95 Chla+b_spxyG_block2deg
 []

[16 <../figures//fig_per_dataset_delta_vs_paper_ridge.pdf>]
Overfull \hbox (38.3452pt too wide) in paragraph at lines 1297--1311
 [][] 
 []


Overfull \hbox (99.74088pt too wide) in paragraph at lines 1331--1348
 []\T1/lmr/bx/n/10.95 (-20) Soft Multi-Branch MKL (\T1/lmtt/b/n/10.95 shrink03\
T1/lmr/bx/n/10.95 (-20) ).[] \T1/lmr/m/n/10.95 (-20) KTA-learnt con-vex weights
 across the $\OMS/lmsy/m/n/10.95 f[]\OML/lmm/m/it/10.95 ; []; []; []; [][]\OMS/
lmsy/m/n/10.95 g$
 []

[17] [18] [19]
Overfull \hbox (208.74312pt too wide) in paragraph at lines 1571--1579
\T1/lmr/m/n/10.95 (-20) tory [[][]Beurier and nirs4all con-trib-u-tors[][], [][
]2025[][]]. The TabPFN pa-per mas-ter pivot is at \T1/lmtt/m/n/10.95 bench/AOM_
v0/publication/tables/master_pivot.csv\T1/lmr/m/n/10.95 (-20) .
 []


Overfull \hbox (65.8532pt too wide) in paragraph at lines 1571--1579
\T1/lmr/m/n/10.95 (-20) unit suite (45+ tests) in-clud-ing the spy-operator ant
i-leakage re-gres-sion tests is at \T1/lmtt/m/n/10.95 bench/AOM_v0/Ridge/tests/
\T1/lmr/m/n/10.95 (-20) . 
 []

(./aomridge_paper.bbl [20] [21]) [22] [23 <../figures//fig_heatmap_methods_x_da
tasets.pdf>] [24 <../figures//fig_cumulative_irmsep.pdf> <../figures//fig_irmse
p_vs_time.pdf>] [25 <../figures//fig_aomridge_vs_baselines_grid.pdf> <../figure
s//fig_per_dataset_blender_vs_baselines.pdf>] [26 <../figures//fig_radar_oracle
_vs_baselines.pdf> <../figures//fig_aom_winner_distribution.pdf>]
(./aomridge_paper.aux)
Package rerunfilecheck Info: File `aomridge_paper.out' has not changed.
(rerunfilecheck)             Checksum: 6542FFF377F75989EF66E1402F556476;5863.
 ) 
Here is how much of TeX's memory you used:
 16525 strings out of 480247
 267572 string characters out of 5896152
 601671 words of memory out of 5000000
 33601 multiletter control sequences out of 15000+600000
 602394 words of font info for 334 fonts, out of 8000000 for 9000
 14 hyphenation exceptions out of 8191
 60i,10n,63p,1011b,500s stack positions out of 5000i,500n,10000p,200000b,80000s
{/usr/share/texmf/fonts/enc/dvips/lm/lm-ec.enc}{/usr/share/texmf/fonts/enc/dv
ips/lm/lm-ts1.enc}{/usr/share/texmf/fonts/enc/dvips/lm/lm-mathsy.enc}{/usr/shar
e/texmf/fonts/enc/dvips/lm/lm-mathit.enc}{/usr/share/texmf/fonts/enc/dvips/lm/l
m-rm.enc}{/usr/share/texmf/fonts/enc/dvips/lm/lm-mathex.enc}</usr/share/texlive
/texmf-dist/fonts/type1/public/amsfonts/cm/cmbsy10.pfb></usr/share/texlive/texm
f-dist/fonts/type1/public/amsfonts/cm/cmbx10.pfb></usr/share/texlive/texmf-dist
/fonts/type1/public/amsfonts/cm/cmmib10.pfb></usr/share/texlive/texmf-dist/font
s/type1/public/amsfonts/cmextra/cmmib8.pfb></usr/share/texmf/fonts/type1/public
/lm/lmbx10.pfb></usr/share/texmf/fonts/type1/public/lm/lmbx12.pfb></usr/share/t
exmf/fonts/type1/public/lm/lmbxi10.pfb></usr/share/texmf/fonts/type1/public/lm/
lmcsc10.pfb></usr/share/texmf/fonts/type1/public/lm/lmex10.pfb></usr/share/texm
f/fonts/type1/public/lm/lmmi10.pfb></usr/share/texmf/fonts/type1/public/lm/lmmi
6.pfb></usr/share/texmf/fonts/type1/public/lm/lmmi7.pfb></usr/share/texmf/fonts
/type1/public/lm/lmmi8.pfb></usr/share/texmf/fonts/type1/public/lm/lmr10.pfb></
usr/share/texmf/fonts/type1/public/lm/lmr12.pfb></usr/share/texmf/fonts/type1/p
ublic/lm/lmr17.pfb></usr/share/texmf/fonts/type1/public/lm/lmr7.pfb></usr/share
/texmf/fonts/type1/public/lm/lmr8.pfb></usr/share/texmf/fonts/type1/public/lm/l
mri10.pfb></usr/share/texmf/fonts/type1/public/lm/lmsy10.pfb></usr/share/texmf/
fonts/type1/public/lm/lmsy6.pfb></usr/share/texmf/fonts/type1/public/lm/lmsy7.p
fb></usr/share/texmf/fonts/type1/public/lm/lmsy8.pfb></usr/share/texmf/fonts/ty
pe1/public/lm/lmtk10.pfb></usr/share/texmf/fonts/type1/public/lm/lmtt10.pfb></u
sr/share/texmf/fonts/type1/public/lm/lmtt12.pfb></usr/share/texlive/texmf-dist/
fonts/type1/public/amsfonts/symbols/msbm10.pfb>
Output written on aomridge_paper.pdf (26 pages, 956221 bytes).
PDF statistics:
 1631 PDF objects out of 1728 (max. 8388607)
 695 compressed objects within 7 object streams
 165 named destinations out of 1000 (max. 500000)
 73016 words of extra memory for PDF output out of 74296 (max. 10000000)

