\BOOKMARK [1][-]{section.1}{\376\377\000I\000n\000t\000r\000o\000d\000u\000c\000t\000i\000o\000n}{}% 1
\BOOKMARK [1][-]{section.2}{\376\377\000M\000e\000t\000h\000o\000d}{}% 2
\BOOKMARK [2][-]{subsection.2.1}{\376\377\000N\000o\000t\000a\000t\000i\000o\000n\000\040\000a\000n\000d\000\040\000t\000h\000e\000\040\000s\000t\000r\000i\000c\000t\000-\000l\000i\000n\000e\000a\000r\000\040\000o\000p\000e\000r\000a\000t\000o\000r\000\040\000c\000o\000n\000t\000r\000a\000c\000t}{section.2}% 3
\BOOKMARK [2][-]{subsection.2.2}{\376\377\000S\000i\000n\000g\000l\000e\000-\000o\000p\000e\000r\000a\000t\000o\000r\000\040\000d\000u\000a\000l\000\040\000R\000i\000d\000g\000e}{section.2}% 4
\BOOKMARK [2][-]{subsection.2.3}{\376\377\000S\000u\000p\000e\000r\000b\000l\000o\000c\000k\000\040\000d\000u\000a\000l\000\040\000R\000i\000d\000g\000e}{section.2}% 5
\BOOKMARK [2][-]{subsection.2.4}{\376\377\000B\000l\000o\000c\000k\000\040\000s\000c\000a\000l\000i\000n\000g}{section.2}% 6
\BOOKMARK [2][-]{subsection.2.5}{\376\377\000S\000e\000l\000e\000c\000t\000i\000o\000n\000\040\000m\000o\000d\000e\000s}{section.2}% 7
\BOOKMARK [2][-]{subsection.2.6}{\376\377\000F\000o\000l\000d\000-\000l\000o\000c\000a\000l\000\040\000C\000V\000\040\000a\000n\000t\000i\000-\000l\000e\000a\000k\000a\000g\000e\000\040\000i\000n\000v\000a\000r\000i\000a\000n\000t\000s}{section.2}% 8
\BOOKMARK [2][-]{subsection.2.7}{\376\377\000A\000d\000a\000p\000t\000i\000v\000e\000\040\000a\000l\000p\000h\000a\000\040\000g\000r\000i\000d\000\040\000a\000n\000d\000\040\000t\000h\000e\000\040\0001\000-\000S\000E\000\040\000r\000u\000l\000e}{section.2}% 9
\BOOKMARK [2][-]{subsection.2.8}{\376\377\000A\000O\000M\000-\000R\000i\000d\000g\000e\000-\000P\000L\000S\000:\000\040\000r\000i\000d\000g\000e\000\040\000r\000e\000g\000r\000e\000s\000s\000i\000o\000n\000\040\000o\000n\000\040\000t\000h\000e\000\040\000o\000p\000e\000r\000a\000t\000o\000r\000-\000m\000i\000x\000t\000u\000r\000e\000\040\000P\000L\000S\000\040\000s\000c\000o\000r\000e\000s}{section.2}% 10
\BOOKMARK [2][-]{subsection.2.9}{\376\377\000B\000r\000a\000n\000c\000h\000\040\000g\000e\000n\000e\000r\000a\000l\000i\000s\000a\000t\000i\000o\000n\000:\000\040\000t\000e\000n\000-\000b\000r\000a\000n\000c\000h\000\040\000b\000r\000a\000n\000c\000h\000\137\000g\000l\000o\000b\000a\000l}{section.2}% 11
\BOOKMARK [2][-]{subsection.2.10}{\376\377\000S\000p\000l\000i\000t\000-\000a\000w\000a\000r\000e\000\040\000i\000n\000n\000e\000r\000\040\000C\000V}{section.2}% 12
\BOOKMARK [2][-]{subsection.2.11}{\376\377\000S\000o\000f\000t\000\040\000M\000u\000l\000t\000i\000-\000B\000r\000a\000n\000c\000h\000\040\000M\000K\000L}{section.2}% 13
\BOOKMARK [2][-]{subsection.2.12}{\376\377\000L\000o\000c\000a\000l\000\040\000A\000O\000M\000-\000R\000i\000d\000g\000e}{section.2}% 14
\BOOKMARK [2][-]{subsection.2.13}{\376\377\000P\000e\000r\000-\000d\000a\000t\000a\000s\000e\000t\000\040\000v\000a\000r\000i\000a\000n\000t\000\040\000s\000e\000l\000e\000c\000t\000i\000o\000n}{section.2}% 15
\BOOKMARK [2][-]{subsection.2.14}{\376\377\000C\000o\000n\000v\000e\000x\000\040\000b\000l\000e\000n\000d\000i\000n\000g\000\040\000o\000f\000\040\000O\000O\000F\000\040\000p\000r\000e\000d\000i\000c\000t\000i\000o\000n\000s}{section.2}% 16
\BOOKMARK [1][-]{section.3}{\376\377\000I\000m\000p\000l\000e\000m\000e\000n\000t\000a\000t\000i\000o\000n}{}% 17
\BOOKMARK [1][-]{section.4}{\376\377\000E\000x\000p\000e\000r\000i\000m\000e\000n\000t\000a\000l\000\040\000p\000r\000o\000t\000o\000c\000o\000l}{}% 18
\BOOKMARK [2][-]{subsection.4.1}{\376\377\000C\000o\000h\000o\000r\000t\000\040\000s\000o\000u\000r\000c\000e\000s}{section.4}% 19
\BOOKMARK [2][-]{subsection.4.2}{\376\377\000V\000a\000r\000i\000a\000n\000t\000s}{section.4}% 20
\BOOKMARK [2][-]{subsection.4.3}{\376\377\000O\000u\000t\000e\000r\000\040\000s\000p\000l\000i\000t\000\040\000a\000n\000d\000\040\000i\000n\000n\000e\000r\000\040\000C\000V}{section.4}% 21
\BOOKMARK [2][-]{subsection.4.4}{\376\377\000H\000y\000p\000e\000r\000p\000a\000r\000a\000m\000e\000t\000e\000r\000s}{section.4}% 22
\BOOKMARK [2][-]{subsection.4.5}{\376\377\000S\000t\000a\000t\000i\000s\000t\000i\000c\000a\000l\000\040\000c\000o\000m\000p\000a\000r\000i\000s\000o\000n}{section.4}% 23
\BOOKMARK [2][-]{subsection.4.6}{\376\377\000L\000e\000a\000k\000a\000g\000e\000\040\000s\000a\000f\000e\000t\000y}{section.4}% 24
\BOOKMARK [1][-]{section.5}{\376\377\000R\000e\000s\000u\000l\000t\000s}{}% 25
\BOOKMARK [2][-]{subsection.5.1}{\376\377\000H\000e\000a\000d\000l\000i\000n\000e\000\040\000r\000e\000g\000r\000e\000s\000s\000i\000o\000n\000\040\000t\000a\000b\000l\000e}{section.5}% 26
\BOOKMARK [2][-]{subsection.5.2}{\376\377\000P\000e\000r\000-\000m\000o\000d\000e\000\040\000b\000e\000h\000a\000v\000i\000o\000u\000r}{section.5}% 27
\BOOKMARK [2][-]{subsection.5.3}{\376\377\000S\000t\000a\000t\000i\000s\000t\000i\000c\000a\000l\000\040\000c\000o\000m\000p\000a\000r\000i\000s\000o\000n}{section.5}% 28
\BOOKMARK [2][-]{subsection.5.4}{\376\377\000A\000O\000M\000-\000R\000i\000d\000g\000e\000-\000P\000L\000S\000\040\000c\000h\000a\000l\000l\000e\000n\000g\000e\000\040\000v\000a\000r\000i\000a\000n\000t\000s}{section.5}% 29
\BOOKMARK [2][-]{subsection.5.5}{\376\377\000E\000x\000t\000e\000n\000s\000i\000o\000n\000\040\000v\000a\000r\000i\000a\000n\000t\000s\000:\000\040\000b\000r\000a\000n\000c\000h\000-\000r\000i\000c\000h\000,\000\040\000s\000p\000l\000i\000t\000-\000a\000w\000a\000r\000e\000,\000\040\000m\000u\000l\000t\000i\000-\000k\000e\000r\000n\000e\000l\000,\000\040\000l\000o\000c\000a\000l\000,\000\040\000a\000n\000d\000\040\000a\000g\000g\000r\000e\000g\000a\000t\000o\000r}{section.5}% 30
\BOOKMARK [1][-]{section.6}{\376\377\000D\000i\000s\000c\000u\000s\000s\000i\000o\000n}{}% 31
\BOOKMARK [1][-]{section.7}{\376\377\000C\000o\000n\000c\000l\000u\000s\000i\000o\000n}{}% 32
